[INFO] 2019-12-25 14:36:57,079 [ TestNG-test=fanfantest-1:0 ] basic.setUp.setup(setUp.java:17)打开浏览器
[INFO] 2019-12-25 14:38:13,312 [ TestNG-test=fanfantest-1:0 ] basic.setUp.setup(setUp.java:17)打开浏览器
[INFO] 2019-12-25 14:38:58,608 [ TestNG-test=fanfantest-1:0 ] basic.setUp.setup(setUp.java:17)打开浏览器
[INFO] 2019-12-25 14:39:08,957 [ TestNG-test=fanfantest-1:10349 ] basic.setUp.setup(setUp.java:23)窗口最大化
[INFO] 2019-12-25 14:39:12,514 [ TestNG-test=fanfantest-1:13906 ] controler.goumai.mai(goumai.java:25)读取excel
[INFO] 2019-12-25 14:39:12,525 [ TestNG-test=fanfantest-1:13917 ] controler.goumai.mai(goumai.java:29)测试用例内容:{0=http://192.168.1.23, 1=15900000002, 2=15900000002, 3=大白菜 土地, 4=yes, 5=}
[INFO] 2019-12-25 14:39:12,526 [ TestNG-test=fanfantest-1:13918 ] basic.Mai.<init>(Mai.java:21)PC端购买
[INFO] 2019-12-25 14:39:12,527 [ TestNG-test=fanfantest-1:13919 ] basic.Mai.<init>(Mai.java:33)余额支付
[INFO] 2019-12-25 14:39:12,528 [ TestNG-test=fanfantest-1:13920 ] basic.Mai.<init>(Mai.java:56)PC登录
[INFO] 2019-12-25 14:39:22,220 [ TestNG-test=fanfantest-1:23612 ] basic.Pc.GouMaiYuE(Pc.java:100)输入商品名称
[INFO] 2019-12-25 14:39:22,599 [ TestNG-test=fanfantest-1:23991 ] basic.Pc.GouMaiYuE(Pc.java:103)点击查找
[INFO] 2019-12-25 14:39:24,992 [ TestNG-test=fanfantest-1:26384 ] basic.Pc.GouMaiYuE(Pc.java:107)点击商品
[INFO] 2019-12-25 14:39:26,548 [ TestNG-test=fanfantest-1:27940 ] basic.Pc.GouMaiYuE(Pc.java:111)店铺名称:老宋店铺
[INFO] 2019-12-25 14:39:27,494 [ TestNG-test=fanfantest-1:28886 ] basic.Pc.GouMaiYuE(Pc.java:117)购买数量:2
[INFO] 2019-12-25 14:39:31,059 [ TestNG-test=fanfantest-1:32451 ] basic.Pc.GouMaiYuE(Pc.java:122)立即购买
[INFO] 2019-12-25 14:39:31,077 [ TestNG-test=fanfantest-1:32469 ] basic.Pc.GouMaiYuE(Pc.java:128)向下滚动
[INFO] 2019-12-25 14:39:34,341 [ TestNG-test=fanfantest-1:35733 ] basic.Pc.GouMaiYuE(Pc.java:138)提交订单
[INFO] 2019-12-25 14:39:37,492 [ TestNG-test=fanfantest-1:38884 ] basic.Pc.GouMaiYuE(Pc.java:142)确定
[INFO] 2019-12-25 14:39:37,528 [ TestNG-test=fanfantest-1:38920 ] basic.Pc.GouMaiYuE(Pc.java:146)采购单号:912250900544
[INFO] 2019-12-25 14:39:37,747 [ TestNG-test=fanfantest-1:39139 ] basic.Pc.GouMaiYuE(Pc.java:150)选择余额支付
[INFO] 2019-12-25 14:39:37,980 [ TestNG-test=fanfantest-1:39372 ] basic.Pc.GouMaiYuE(Pc.java:154)点击立即支付
[INFO] 2019-12-25 14:39:38,609 [ TestNG-test=fanfantest-1:40001 ] basic.Pc.GouMaiYuE(Pc.java:158)支付成功！
[INFO] 2019-12-25 14:39:38,611 [ TestNG-test=fanfantest-1:40003 ] controler.goumai.mai(goumai.java:29)测试用例内容:{0=http://192.168.1.22, 1=15900000002, 2=15900000002, 3=大白菜 土地, 4=, 5=yes}
[INFO] 2019-12-25 14:39:38,611 [ TestNG-test=fanfantest-1:40003 ] basic.Mai.<init>(Mai.java:24)移动端购买
[INFO] 2019-12-25 14:39:38,611 [ TestNG-test=fanfantest-1:40003 ] basic.Mai.<init>(Mai.java:30)微信支付
[INFO] 2019-12-25 14:39:38,612 [ TestNG-test=fanfantest-1:40004 ] basic.Mai.<init>(Mai.java:64)mobile登录
[INFO] 2019-12-25 14:39:39,662 [ TestNG-test=fanfantest-1:41054 ] basic.Mobile.Login(Mobile.java:20)打开移动端
[INFO] 2019-12-25 14:39:42,632 [ TestNG-test=fanfantest-1:44024 ] basic.Mobile.Login(Mobile.java:24)点击采购商登陆
[INFO] 2019-12-25 14:39:42,753 [ TestNG-test=fanfantest-1:44145 ] basic.Mobile.Login(Mobile.java:51)输入用户名密码
[INFO] 2019-12-25 14:39:43,293 [ TestNG-test=fanfantest-1:44685 ] basic.Mobile.Login(Mobile.java:55)登录
[INFO] 2019-12-25 14:39:45,990 [ TestNG-test=fanfantest-1:47382 ] basic.Mobile.GouMaiWeiXin(Mobile.java:63)输入商品名称
[INFO] 2019-12-25 14:39:46,409 [ TestNG-test=fanfantest-1:47801 ] basic.Mobile.GouMaiWeiXin(Mobile.java:66)点击查找
[INFO] 2019-12-25 14:39:46,974 [ TestNG-test=fanfantest-1:48366 ] basic.Mobile.GouMaiWeiXin(Mobile.java:70)点击商品
[INFO] 2019-12-25 14:39:47,856 [ TestNG-test=fanfantest-1:49248 ] basic.Mobile.GouMaiWeiXin(Mobile.java:77)向下滚动
[INFO] 2019-12-25 14:39:48,615 [ TestNG-test=fanfantest-1:50007 ] basic.Mobile.GouMaiWeiXin(Mobile.java:85)点击数量
[INFO] 2019-12-25 14:39:48,705 [ TestNG-test=fanfantest-1:50097 ] basic.Mobile.GouMaiWeiXin(Mobile.java:90)购买数量:6
[INFO] 2019-12-25 14:39:48,756 [ TestNG-test=fanfantest-1:50148 ] basic.Mobile.GouMaiWeiXin(Mobile.java:96)店铺名称:老宋店铺
[INFO] 2019-12-25 14:39:51,628 [ TestNG-test=fanfantest-1:53020 ] basic.Mobile.GouMaiWeiXin(Mobile.java:100)立即购买
[INFO] 2019-12-25 14:39:51,882 [ TestNG-test=fanfantest-1:53274 ] basic.Mobile.GouMaiWeiXin(Mobile.java:104)提交订单
[INFO] 2019-12-25 14:39:54,195 [ TestNG-test=fanfantest-1:55587 ] basic.Mobile.GouMaiWeiXin(Mobile.java:108)确定
[INFO] 2019-12-25 14:39:54,216 [ TestNG-test=fanfantest-1:55608 ] basic.Mobile.GouMaiWeiXin(Mobile.java:112)采购单号:912251000544
[INFO] 2019-12-25 14:39:54,218 [ TestNG-test=fanfantest-1:55610 ] basic.Mai.<init>(Mai.java:71)admin登录
[INFO] 2019-12-25 14:39:54,575 [ TestNG-test=fanfantest-1:55967 ] basic.Admin.Login(Admin.java:35)输入用户名密码
[INFO] 2019-12-25 14:39:55,459 [ TestNG-test=fanfantest-1:56851 ] basic.Admin.Login(Admin.java:38)点击登录
[INFO] 2019-12-25 14:39:58,109 [ TestNG-test=fanfantest-1:59501 ] basic.Admin.ZhiFuDanYiChangWeiXin(Admin.java:117)系统
[INFO] 2019-12-25 14:39:58,122 [ TestNG-test=fanfantest-1:59514 ] basic.Admin.ZhiFuDanYiChangWeiXin(Admin.java:122)向下滚动
[INFO] 2019-12-25 14:39:58,464 [ TestNG-test=fanfantest-1:59856 ] basic.Admin.ZhiFuDanYiChangWeiXin(Admin.java:126)订单支付异常处理
[INFO] 2019-12-25 14:39:58,552 [ TestNG-test=fanfantest-1:59944 ] basic.Admin.ZhiFuDanYiChangWeiXin(Admin.java:130)输入采购单号
[INFO] 2019-12-25 14:39:59,806 [ TestNG-test=fanfantest-1:61198 ] basic.Admin.ZhiFuDanYiChangWeiXin(Admin.java:135)点击查找
[INFO] 2019-12-25 14:40:00,044 [ TestNG-test=fanfantest-1:61436 ] basic.Admin.ZhiFuDanYiChangWeiXin(Admin.java:139)点击完成支付
[INFO] 2019-12-25 14:40:00,278 [ TestNG-test=fanfantest-1:61670 ] basic.Admin.ZhiFuDanYiChangWeiXin(Admin.java:143)点击确定
[INFO] 2019-12-25 14:40:00,538 [ TestNG-test=fanfantest-1:61930 ] basic.Admin.ZhiFuDanYiChangWeiXin(Admin.java:147)确定
[INFO] 2019-12-25 14:40:01,265 [ TestNG-test=fanfantest-1:62657 ] basic.Admin.ZhiFuDanYiChangWeiXin(Admin.java:151)确定
[INFO] 2019-12-25 14:40:01,265 [ TestNG-test=fanfantest-1:62657 ] controler.goumai.mai(goumai.java:29)测试用例内容:{0=http://192.168.1.22, 1=15900000002, 2=15900000002, 3=大白菜 土地, 4=, 5=}
[INFO] 2019-12-25 14:40:01,266 [ TestNG-test=fanfantest-1:62658 ] basic.Mai.<init>(Mai.java:24)移动端购买
[INFO] 2019-12-25 14:40:01,267 [ TestNG-test=fanfantest-1:62659 ] basic.Mai.<init>(Mai.java:33)余额支付
[INFO] 2019-12-25 14:40:01,267 [ TestNG-test=fanfantest-1:62659 ] basic.Mai.<init>(Mai.java:78)mobile登录
[INFO] 2019-12-25 14:40:01,563 [ TestNG-test=fanfantest-1:62955 ] basic.Mobile.Login(Mobile.java:20)打开移动端
[INFO] 2019-12-25 14:40:03,225 [ TestNG-test=fanfantest-1:64617 ] basic.Mobile.Login(Mobile.java:24)点击采购商登陆
[INFO] 2019-12-25 14:40:04,649 [ TestNG-test=fanfantest-1:66041 ] basic.Mobile.Login(Mobile.java:31)已登录，确定
[INFO] 2019-12-25 14:40:05,106 [ TestNG-test=fanfantest-1:66498 ] basic.Mobile.Login(Mobile.java:33)点击我的饭饭
[INFO] 2019-12-25 14:40:05,727 [ TestNG-test=fanfantest-1:67119 ] basic.Mobile.Login(Mobile.java:40)向下滚动
[INFO] 2019-12-25 14:40:06,015 [ TestNG-test=fanfantest-1:67407 ] basic.Mobile.Login(Mobile.java:43)点击退出登录
[INFO] 2019-12-25 14:40:07,913 [ TestNG-test=fanfantest-1:69305 ] basic.Mobile.Login(Mobile.java:46)点击采购商登陆
[INFO] 2019-12-25 14:40:08,082 [ TestNG-test=fanfantest-1:69474 ] basic.Mobile.Login(Mobile.java:51)输入用户名密码
[INFO] 2019-12-25 14:40:08,541 [ TestNG-test=fanfantest-1:69933 ] basic.Mobile.Login(Mobile.java:55)登录
[INFO] 2019-12-25 14:40:08,628 [ TestNG-test=fanfantest-1:70020 ] basic.Mobile.GouMaiYuE(Mobile.java:125)输入商品名称
[INFO] 2019-12-25 14:50:14,088 [ TestNG-test=fanfantest-1:0 ] basic.setUp.setup(setUp.java:17)打开浏览器
[INFO] 2019-12-25 15:12:05,897 [ TestNG-test=fanfantest-1:0 ] basic.setUp.setup(setUp.java:17)打开浏览器
[INFO] 2019-12-25 15:12:11,070 [ TestNG-test=fanfantest-1:5173 ] basic.setUp.setup(setUp.java:23)窗口最大化
[INFO] 2019-12-25 15:12:12,135 [ TestNG-test=fanfantest-1:6238 ] controler.goumai.mai(goumai.java:25)读取excel
[INFO] 2019-12-25 15:12:12,151 [ TestNG-test=fanfantest-1:6254 ] controler.goumai.mai(goumai.java:29)测试用例内容:{0=http://192.168.1.23, 1=15900000002, 2=15900000002, 3=大白菜 土地, 4=yes, 5=}
[INFO] 2019-12-25 15:12:12,153 [ TestNG-test=fanfantest-1:6256 ] basic.Mai.<init>(Mai.java:21)PC端购买
[INFO] 2019-12-25 15:12:12,153 [ TestNG-test=fanfantest-1:6256 ] basic.Mai.<init>(Mai.java:33)余额支付
[INFO] 2019-12-25 15:12:12,154 [ TestNG-test=fanfantest-1:6257 ] basic.Mai.<init>(Mai.java:56)PC登录
[INFO] 2019-12-25 15:12:21,141 [ TestNG-test=fanfantest-1:15244 ] basic.Pc.GouMaiYuE(Pc.java:100)输入商品名称
[INFO] 2019-12-25 15:12:21,520 [ TestNG-test=fanfantest-1:15623 ] basic.Pc.GouMaiYuE(Pc.java:103)点击查找
[INFO] 2019-12-25 15:12:23,845 [ TestNG-test=fanfantest-1:17948 ] basic.Pc.GouMaiYuE(Pc.java:107)点击商品
[INFO] 2019-12-25 15:12:25,628 [ TestNG-test=fanfantest-1:19731 ] basic.Pc.GouMaiYuE(Pc.java:111)店铺名称:老宋店铺
[INFO] 2019-12-25 15:12:26,153 [ TestNG-test=fanfantest-1:20256 ] basic.Pc.GouMaiYuE(Pc.java:117)购买数量:3
[INFO] 2019-12-25 15:13:10,151 [ TestNG-test=fanfantest-1:64254 ] basic.Pc.GouMaiYuE(Pc.java:122)立即购买
[INFO] 2019-12-25 15:13:10,179 [ TestNG-test=fanfantest-1:64282 ] basic.Pc.GouMaiYuE(Pc.java:128)向下滚动
[INFO] 2019-12-25 15:13:13,452 [ TestNG-test=fanfantest-1:67555 ] basic.Pc.GouMaiYuE(Pc.java:138)提交订单
[INFO] 2019-12-25 15:13:16,574 [ TestNG-test=fanfantest-1:70677 ] basic.Pc.GouMaiYuE(Pc.java:142)确定
[INFO] 2019-12-25 15:13:16,593 [ TestNG-test=fanfantest-1:70696 ] basic.Pc.GouMaiYuE(Pc.java:146)采购单号:912251500544
[INFO] 2019-12-25 15:13:16,819 [ TestNG-test=fanfantest-1:70922 ] basic.Pc.GouMaiYuE(Pc.java:150)选择余额支付
[INFO] 2019-12-25 15:13:17,081 [ TestNG-test=fanfantest-1:71184 ] basic.Pc.GouMaiYuE(Pc.java:154)点击立即支付
[INFO] 2019-12-25 15:13:17,586 [ TestNG-test=fanfantest-1:71689 ] basic.Pc.GouMaiYuE(Pc.java:158)支付成功！
[INFO] 2019-12-25 15:13:17,589 [ TestNG-test=fanfantest-1:71692 ] controler.goumai.mai(goumai.java:29)测试用例内容:{0=http://192.168.1.22, 1=15900000002, 2=15900000002, 3=大白菜 土地, 4=, 5=yes}
[INFO] 2019-12-25 15:13:17,589 [ TestNG-test=fanfantest-1:71692 ] basic.Mai.<init>(Mai.java:24)移动端购买
[INFO] 2019-12-25 15:13:17,590 [ TestNG-test=fanfantest-1:71693 ] basic.Mai.<init>(Mai.java:30)微信支付
[INFO] 2019-12-25 15:13:17,592 [ TestNG-test=fanfantest-1:71695 ] basic.Mai.<init>(Mai.java:64)mobile登录
[INFO] 2019-12-25 15:13:18,750 [ TestNG-test=fanfantest-1:72853 ] basic.Mobile.Login(Mobile.java:20)打开移动端
[INFO] 2019-12-25 15:13:21,422 [ TestNG-test=fanfantest-1:75525 ] basic.Mobile.Login(Mobile.java:24)点击采购商登陆
[INFO] 2019-12-25 15:13:21,555 [ TestNG-test=fanfantest-1:75658 ] basic.Mobile.Login(Mobile.java:51)输入用户名密码
[INFO] 2019-12-25 15:13:22,122 [ TestNG-test=fanfantest-1:76225 ] basic.Mobile.Login(Mobile.java:55)登录
[INFO] 2019-12-25 15:13:23,734 [ TestNG-test=fanfantest-1:77837 ] basic.Mobile.GouMaiWeiXin(Mobile.java:63)输入商品名称
[INFO] 2019-12-25 15:13:25,202 [ TestNG-test=fanfantest-1:79305 ] basic.Mobile.GouMaiWeiXin(Mobile.java:66)点击查找
[INFO] 2019-12-25 15:13:25,748 [ TestNG-test=fanfantest-1:79851 ] basic.Mobile.GouMaiWeiXin(Mobile.java:70)点击商品
[INFO] 2019-12-25 15:13:26,540 [ TestNG-test=fanfantest-1:80643 ] basic.Mobile.GouMaiWeiXin(Mobile.java:77)向下滚动
[INFO] 2019-12-25 15:13:27,343 [ TestNG-test=fanfantest-1:81446 ] basic.Mobile.GouMaiWeiXin(Mobile.java:85)点击数量
[INFO] 2019-12-25 15:13:27,374 [ TestNG-test=fanfantest-1:81477 ] basic.Mobile.GouMaiWeiXin(Mobile.java:90)购买数量:2
[INFO] 2019-12-25 15:13:27,470 [ TestNG-test=fanfantest-1:81573 ] basic.Mobile.GouMaiWeiXin(Mobile.java:96)店铺名称:老宋店铺
[INFO] 2019-12-25 15:13:30,308 [ TestNG-test=fanfantest-1:84411 ] basic.Mobile.GouMaiWeiXin(Mobile.java:100)立即购买
[INFO] 2019-12-25 15:13:30,567 [ TestNG-test=fanfantest-1:84670 ] basic.Mobile.GouMaiWeiXin(Mobile.java:104)提交订单
[INFO] 2019-12-25 15:13:32,860 [ TestNG-test=fanfantest-1:86963 ] basic.Mobile.GouMaiWeiXin(Mobile.java:108)确定
[INFO] 2019-12-25 15:13:32,895 [ TestNG-test=fanfantest-1:86998 ] basic.Mobile.GouMaiWeiXin(Mobile.java:112)采购单号:912251600544
[INFO] 2019-12-25 15:13:32,897 [ TestNG-test=fanfantest-1:87000 ] basic.Mai.<init>(Mai.java:71)admin登录
[INFO] 2019-12-25 15:13:33,244 [ TestNG-test=fanfantest-1:87347 ] basic.Admin.Login(Admin.java:35)输入用户名密码
[INFO] 2019-12-25 15:13:33,767 [ TestNG-test=fanfantest-1:87870 ] basic.Admin.Login(Admin.java:38)点击登录
[INFO] 2019-12-25 15:13:38,473 [ TestNG-test=fanfantest-1:92576 ] basic.Admin.ZhiFuDanYiChangWeiXin(Admin.java:117)系统
[INFO] 2019-12-25 15:13:38,484 [ TestNG-test=fanfantest-1:92587 ] basic.Admin.ZhiFuDanYiChangWeiXin(Admin.java:122)向下滚动
[INFO] 2019-12-25 15:13:38,801 [ TestNG-test=fanfantest-1:92904 ] basic.Admin.ZhiFuDanYiChangWeiXin(Admin.java:126)订单支付异常处理
[INFO] 2019-12-25 15:13:38,887 [ TestNG-test=fanfantest-1:92990 ] basic.Admin.ZhiFuDanYiChangWeiXin(Admin.java:130)输入采购单号
[INFO] 2019-12-25 15:13:40,148 [ TestNG-test=fanfantest-1:94251 ] basic.Admin.ZhiFuDanYiChangWeiXin(Admin.java:135)点击查找
[INFO] 2019-12-25 15:13:40,450 [ TestNG-test=fanfantest-1:94553 ] basic.Admin.ZhiFuDanYiChangWeiXin(Admin.java:139)点击完成支付
[INFO] 2019-12-25 15:13:40,686 [ TestNG-test=fanfantest-1:94789 ] basic.Admin.ZhiFuDanYiChangWeiXin(Admin.java:143)点击确定
[INFO] 2019-12-25 15:13:40,958 [ TestNG-test=fanfantest-1:95061 ] basic.Admin.ZhiFuDanYiChangWeiXin(Admin.java:147)确定
[INFO] 2019-12-25 15:13:41,844 [ TestNG-test=fanfantest-1:95947 ] basic.Admin.ZhiFuDanYiChangWeiXin(Admin.java:151)确定
[INFO] 2019-12-25 15:13:41,845 [ TestNG-test=fanfantest-1:95948 ] controler.goumai.mai(goumai.java:29)测试用例内容:{0=http://192.168.1.22, 1=15900000002, 2=15900000002, 3=大白菜 土地, 4=, 5=}
[INFO] 2019-12-25 15:13:41,846 [ TestNG-test=fanfantest-1:95949 ] basic.Mai.<init>(Mai.java:24)移动端购买
[INFO] 2019-12-25 15:13:41,846 [ TestNG-test=fanfantest-1:95949 ] basic.Mai.<init>(Mai.java:33)余额支付
[INFO] 2019-12-25 15:13:41,847 [ TestNG-test=fanfantest-1:95950 ] basic.Mai.<init>(Mai.java:78)mobile登录
[INFO] 2019-12-25 15:13:42,183 [ TestNG-test=fanfantest-1:96286 ] basic.Mobile.Login(Mobile.java:20)打开移动端
[INFO] 2019-12-25 15:13:44,894 [ TestNG-test=fanfantest-1:98997 ] basic.Mobile.Login(Mobile.java:24)点击采购商登陆
[INFO] 2019-12-25 15:13:45,125 [ TestNG-test=fanfantest-1:99228 ] basic.Mobile.Login(Mobile.java:31)已登录，确定
[INFO] 2019-12-25 15:13:45,580 [ TestNG-test=fanfantest-1:99683 ] basic.Mobile.Login(Mobile.java:33)点击我的饭饭
[INFO] 2019-12-25 15:13:46,194 [ TestNG-test=fanfantest-1:100297 ] basic.Mobile.Login(Mobile.java:40)向下滚动
[INFO] 2019-12-25 15:13:46,484 [ TestNG-test=fanfantest-1:100587 ] basic.Mobile.Login(Mobile.java:43)点击退出登录
[INFO] 2019-12-25 15:13:47,077 [ TestNG-test=fanfantest-1:101180 ] basic.Mobile.Login(Mobile.java:46)点击采购商登陆
[INFO] 2019-12-25 15:13:47,185 [ TestNG-test=fanfantest-1:101288 ] basic.Mobile.Login(Mobile.java:51)输入用户名密码
[INFO] 2019-12-25 15:13:47,693 [ TestNG-test=fanfantest-1:101796 ] basic.Mobile.Login(Mobile.java:55)登录
[INFO] 2019-12-25 15:13:47,727 [ TestNG-test=fanfantest-1:101830 ] basic.Mobile.GouMaiYuE(Mobile.java:125)输入商品名称
[INFO] 2019-12-25 15:13:49,425 [ TestNG-test=fanfantest-1:103528 ] basic.Mobile.GouMaiYuE(Mobile.java:128)点击查找
[INFO] 2019-12-25 15:13:50,030 [ TestNG-test=fanfantest-1:104133 ] basic.Mobile.GouMaiYuE(Mobile.java:132)点击商品
[INFO] 2019-12-25 15:13:50,760 [ TestNG-test=fanfantest-1:104863 ] basic.Mobile.GouMaiYuE(Mobile.java:139)向下滚动
[INFO] 2019-12-25 15:13:51,556 [ TestNG-test=fanfantest-1:105659 ] basic.Mobile.GouMaiYuE(Mobile.java:147)点击数量
[INFO] 2019-12-25 15:13:51,635 [ TestNG-test=fanfantest-1:105738 ] basic.Mobile.GouMaiYuE(Mobile.java:152)购买数量:5
[INFO] 2019-12-25 15:13:51,778 [ TestNG-test=fanfantest-1:105881 ] basic.Mobile.GouMaiYuE(Mobile.java:159)店铺名称老宋店铺
[INFO] 2019-12-25 15:14:33,838 [ TestNG-test=fanfantest-1:147941 ] basic.Mobile.GouMaiYuE(Mobile.java:163)立即购买
[INFO] 2019-12-25 15:14:34,142 [ TestNG-test=fanfantest-1:148245 ] basic.Mobile.GouMaiYuE(Mobile.java:167)提交订单
[INFO] 2019-12-25 15:14:37,379 [ TestNG-test=fanfantest-1:151482 ] basic.Mobile.GouMaiYuE(Mobile.java:171)确定
[INFO] 2019-12-25 15:14:37,410 [ TestNG-test=fanfantest-1:151513 ] basic.Mobile.GouMaiYuE(Mobile.java:175)采购单号:912251700544
[INFO] 2019-12-25 15:14:37,632 [ TestNG-test=fanfantest-1:151735 ] basic.Mobile.GouMaiYuE(Mobile.java:179)选择余额支付
[INFO] 2019-12-25 15:14:39,925 [ TestNG-test=fanfantest-1:154028 ] basic.Mobile.GouMaiYuE(Mobile.java:183)立即支付
[INFO] 2019-12-25 15:14:39,947 [ TestNG-test=fanfantest-1:154050 ] basic.Mobile.GouMaiYuE(Mobile.java:187)支付成功
[INFO] 2019-12-25 15:14:39,947 [ TestNG-test=fanfantest-1:154050 ] controler.goumai.mai(goumai.java:29)测试用例内容:{0=http://192.168.1.23, 1=15900000002, 2=15900000002, 3=大白菜 土地, 4=yes, 5=yes}
[INFO] 2019-12-25 15:14:39,947 [ TestNG-test=fanfantest-1:154050 ] basic.Mai.<init>(Mai.java:21)PC端购买
[INFO] 2019-12-25 15:14:39,947 [ TestNG-test=fanfantest-1:154050 ] basic.Mai.<init>(Mai.java:30)微信支付
[INFO] 2019-12-25 15:14:39,947 [ TestNG-test=fanfantest-1:154050 ] basic.Mai.<init>(Mai.java:40)PC登录
[INFO] 2019-12-25 15:14:51,916 [ TestNG-test=fanfantest-1:166019 ] basic.Pc.GouMaiWeiXin(Pc.java:46)输入商品名称
[INFO] 2019-12-25 15:14:52,227 [ TestNG-test=fanfantest-1:166330 ] basic.Pc.GouMaiWeiXin(Pc.java:49)点击查找
[INFO] 2019-12-25 15:14:54,428 [ TestNG-test=fanfantest-1:168531 ] basic.Pc.GouMaiWeiXin(Pc.java:53)点击商品
[INFO] 2019-12-25 15:14:56,155 [ TestNG-test=fanfantest-1:170258 ] basic.Pc.GouMaiWeiXin(Pc.java:57)店铺名称:老宋店铺
[INFO] 2019-12-25 15:14:56,715 [ TestNG-test=fanfantest-1:170818 ] basic.Pc.GouMaiWeiXin(Pc.java:63)购买数量:3
[INFO] 2019-12-25 15:15:00,188 [ TestNG-test=fanfantest-1:174291 ] basic.Pc.GouMaiWeiXin(Pc.java:68)点击立即购买
[INFO] 2019-12-25 15:15:00,216 [ TestNG-test=fanfantest-1:174319 ] basic.Pc.GouMaiWeiXin(Pc.java:74)向下滚动
[INFO] 2019-12-25 15:15:03,478 [ TestNG-test=fanfantest-1:177581 ] basic.Pc.GouMaiWeiXin(Pc.java:79)提交订单
[INFO] 2019-12-25 15:15:06,674 [ TestNG-test=fanfantest-1:180777 ] basic.Pc.GouMaiWeiXin(Pc.java:83)确定
[INFO] 2019-12-25 15:15:06,703 [ TestNG-test=fanfantest-1:180806 ] basic.Pc.GouMaiWeiXin(Pc.java:87)采购单号:912251800544
[INFO] 2019-12-25 15:15:06,703 [ TestNG-test=fanfantest-1:180806 ] basic.Mai.<init>(Mai.java:48)admin登录
[INFO] 2019-12-25 15:15:11,604 [ TestNG-test=fanfantest-1:185707 ] basic.Admin.ZhiFuDanYiChangWeiXin(Admin.java:117)系统
[INFO] 2019-12-25 15:15:11,613 [ TestNG-test=fanfantest-1:185716 ] basic.Admin.ZhiFuDanYiChangWeiXin(Admin.java:122)向下滚动
[INFO] 2019-12-25 15:15:11,951 [ TestNG-test=fanfantest-1:186054 ] basic.Admin.ZhiFuDanYiChangWeiXin(Admin.java:126)订单支付异常处理
[INFO] 2019-12-25 15:15:12,035 [ TestNG-test=fanfantest-1:186138 ] basic.Admin.ZhiFuDanYiChangWeiXin(Admin.java:130)输入采购单号
[INFO] 2019-12-25 15:15:13,282 [ TestNG-test=fanfantest-1:187385 ] basic.Admin.ZhiFuDanYiChangWeiXin(Admin.java:135)点击查找
[INFO] 2019-12-25 15:15:13,530 [ TestNG-test=fanfantest-1:187633 ] basic.Admin.ZhiFuDanYiChangWeiXin(Admin.java:139)点击完成支付
[INFO] 2019-12-25 15:15:13,769 [ TestNG-test=fanfantest-1:187872 ] basic.Admin.ZhiFuDanYiChangWeiXin(Admin.java:143)点击确定
[INFO] 2019-12-25 15:15:14,041 [ TestNG-test=fanfantest-1:188144 ] basic.Admin.ZhiFuDanYiChangWeiXin(Admin.java:147)确定
[INFO] 2019-12-25 15:15:14,745 [ TestNG-test=fanfantest-1:188848 ] basic.Admin.ZhiFuDanYiChangWeiXin(Admin.java:151)确定
[INFO] 2019-12-25 15:15:14,746 [ TestNG-test=fanfantest-1:188849 ] controler.goumai.mai(goumai.java:29)测试用例内容:{0=http://192.168.1.22, 1=15900000003, 2=15900000003, 3=大白菜 土地, 4=, 5=yes}
[INFO] 2019-12-25 15:15:14,746 [ TestNG-test=fanfantest-1:188849 ] basic.Mai.<init>(Mai.java:24)移动端购买
[INFO] 2019-12-25 15:15:14,747 [ TestNG-test=fanfantest-1:188850 ] basic.Mai.<init>(Mai.java:30)微信支付
[INFO] 2019-12-25 15:15:14,747 [ TestNG-test=fanfantest-1:188850 ] basic.Mai.<init>(Mai.java:64)mobile登录
[INFO] 2019-12-25 15:15:15,097 [ TestNG-test=fanfantest-1:189200 ] basic.Mobile.Login(Mobile.java:20)打开移动端
[INFO] 2019-12-25 15:15:16,708 [ TestNG-test=fanfantest-1:190811 ] basic.Mobile.Login(Mobile.java:24)点击采购商登陆
[INFO] 2019-12-25 15:15:18,168 [ TestNG-test=fanfantest-1:192271 ] basic.Mobile.Login(Mobile.java:31)已登录，确定
[INFO] 2019-12-25 15:15:18,641 [ TestNG-test=fanfantest-1:192744 ] basic.Mobile.Login(Mobile.java:33)点击我的饭饭
[INFO] 2019-12-25 15:15:19,280 [ TestNG-test=fanfantest-1:193383 ] basic.Mobile.Login(Mobile.java:40)向下滚动
[INFO] 2019-12-25 15:15:19,569 [ TestNG-test=fanfantest-1:193672 ] basic.Mobile.Login(Mobile.java:43)点击退出登录
[INFO] 2019-12-25 15:15:20,188 [ TestNG-test=fanfantest-1:194291 ] basic.Mobile.Login(Mobile.java:46)点击采购商登陆
[INFO] 2019-12-25 15:15:20,279 [ TestNG-test=fanfantest-1:194382 ] basic.Mobile.Login(Mobile.java:51)输入用户名密码
[INFO] 2019-12-25 15:15:20,652 [ TestNG-test=fanfantest-1:194755 ] basic.Mobile.Login(Mobile.java:55)登录
[INFO] 2019-12-25 15:15:22,197 [ TestNG-test=fanfantest-1:196300 ] basic.Mobile.GouMaiWeiXin(Mobile.java:63)输入商品名称
[INFO] 2019-12-25 15:15:23,461 [ TestNG-test=fanfantest-1:197564 ] basic.Mobile.GouMaiWeiXin(Mobile.java:66)点击查找
[INFO] 2019-12-25 15:15:24,168 [ TestNG-test=fanfantest-1:198271 ] basic.Mobile.GouMaiWeiXin(Mobile.java:70)点击商品
[INFO] 2019-12-25 15:15:24,959 [ TestNG-test=fanfantest-1:199062 ] basic.Mobile.GouMaiWeiXin(Mobile.java:77)向下滚动
[INFO] 2019-12-25 15:15:25,726 [ TestNG-test=fanfantest-1:199829 ] basic.Mobile.GouMaiWeiXin(Mobile.java:85)点击数量
[INFO] 2019-12-25 15:15:25,763 [ TestNG-test=fanfantest-1:199866 ] basic.Mobile.GouMaiWeiXin(Mobile.java:90)购买数量:6
[INFO] 2019-12-25 15:15:25,878 [ TestNG-test=fanfantest-1:199981 ] basic.Mobile.GouMaiWeiXin(Mobile.java:96)店铺名称:老宋店铺
[INFO] 2019-12-25 15:15:28,690 [ TestNG-test=fanfantest-1:202793 ] basic.Mobile.GouMaiWeiXin(Mobile.java:100)立即购买
[INFO] 2019-12-25 15:15:28,933 [ TestNG-test=fanfantest-1:203036 ] basic.Mobile.GouMaiWeiXin(Mobile.java:104)提交订单
[INFO] 2019-12-25 15:15:31,260 [ TestNG-test=fanfantest-1:205363 ] basic.Mobile.GouMaiWeiXin(Mobile.java:108)确定
[INFO] 2019-12-25 15:15:31,287 [ TestNG-test=fanfantest-1:205390 ] basic.Mobile.GouMaiWeiXin(Mobile.java:112)采购单号:912250900545
[INFO] 2019-12-25 15:15:31,288 [ TestNG-test=fanfantest-1:205391 ] basic.Mai.<init>(Mai.java:71)admin登录
[INFO] 2019-12-25 15:15:35,848 [ TestNG-test=fanfantest-1:209951 ] basic.Admin.ZhiFuDanYiChangWeiXin(Admin.java:117)系统
[INFO] 2019-12-25 15:15:36,179 [ TestNG-test=fanfantest-1:210282 ] basic.Admin.ZhiFuDanYiChangWeiXin(Admin.java:122)向下滚动
[INFO] 2019-12-25 15:15:36,456 [ TestNG-test=fanfantest-1:210559 ] basic.Admin.ZhiFuDanYiChangWeiXin(Admin.java:126)订单支付异常处理
[INFO] 2019-12-25 15:15:36,523 [ TestNG-test=fanfantest-1:210626 ] basic.Admin.ZhiFuDanYiChangWeiXin(Admin.java:130)输入采购单号
[INFO] 2019-12-25 15:15:37,759 [ TestNG-test=fanfantest-1:211862 ] basic.Admin.ZhiFuDanYiChangWeiXin(Admin.java:135)点击查找
[INFO] 2019-12-25 15:15:38,023 [ TestNG-test=fanfantest-1:212126 ] basic.Admin.ZhiFuDanYiChangWeiXin(Admin.java:139)点击完成支付
[INFO] 2019-12-25 15:15:38,265 [ TestNG-test=fanfantest-1:212368 ] basic.Admin.ZhiFuDanYiChangWeiXin(Admin.java:143)点击确定
[INFO] 2019-12-25 15:15:38,554 [ TestNG-test=fanfantest-1:212657 ] basic.Admin.ZhiFuDanYiChangWeiXin(Admin.java:147)确定
[INFO] 2019-12-25 15:15:39,294 [ TestNG-test=fanfantest-1:213397 ] basic.Admin.ZhiFuDanYiChangWeiXin(Admin.java:151)确定
[INFO] 2019-12-25 15:15:39,294 [ TestNG-test=fanfantest-1:213397 ] controler.goumai.mai(goumai.java:29)测试用例内容:{0=http://192.168.1.23, 1=15900000003, 2=15900000003, 3=大白菜 土地, 4=yes, 5=yes}
[INFO] 2019-12-25 15:15:39,295 [ TestNG-test=fanfantest-1:213398 ] basic.Mai.<init>(Mai.java:21)PC端购买
[INFO] 2019-12-25 15:15:39,295 [ TestNG-test=fanfantest-1:213398 ] basic.Mai.<init>(Mai.java:30)微信支付
[INFO] 2019-12-25 15:15:39,295 [ TestNG-test=fanfantest-1:213398 ] basic.Mai.<init>(Mai.java:40)PC登录
[INFO] 2019-12-25 15:15:51,404 [ TestNG-test=fanfantest-1:225507 ] basic.Pc.GouMaiWeiXin(Pc.java:46)输入商品名称
[INFO] 2019-12-25 15:15:51,678 [ TestNG-test=fanfantest-1:225781 ] basic.Pc.GouMaiWeiXin(Pc.java:49)点击查找
[INFO] 2019-12-25 15:15:54,686 [ TestNG-test=fanfantest-1:228789 ] basic.Pc.GouMaiWeiXin(Pc.java:53)点击商品
[INFO] 2019-12-25 15:15:55,787 [ TestNG-test=fanfantest-1:229890 ] basic.Pc.GouMaiWeiXin(Pc.java:57)店铺名称:老宋店铺
[INFO] 2019-12-25 15:15:56,305 [ TestNG-test=fanfantest-1:230408 ] basic.Pc.GouMaiWeiXin(Pc.java:63)购买数量:10
[INFO] 2019-12-25 15:15:59,797 [ TestNG-test=fanfantest-1:233900 ] basic.Pc.GouMaiWeiXin(Pc.java:68)点击立即购买
[INFO] 2019-12-25 15:15:59,836 [ TestNG-test=fanfantest-1:233939 ] basic.Pc.GouMaiWeiXin(Pc.java:74)向下滚动
[INFO] 2019-12-25 15:16:03,100 [ TestNG-test=fanfantest-1:237203 ] basic.Pc.GouMaiWeiXin(Pc.java:79)提交订单
[INFO] 2019-12-25 15:16:06,227 [ TestNG-test=fanfantest-1:240330 ] basic.Pc.GouMaiWeiXin(Pc.java:83)确定
[INFO] 2019-12-25 15:16:06,246 [ TestNG-test=fanfantest-1:240349 ] basic.Pc.GouMaiWeiXin(Pc.java:87)采购单号:912251000545
[INFO] 2019-12-25 15:16:06,246 [ TestNG-test=fanfantest-1:240349 ] basic.Mai.<init>(Mai.java:48)admin登录
[INFO] 2019-12-25 15:16:11,161 [ TestNG-test=fanfantest-1:245264 ] basic.Admin.ZhiFuDanYiChangWeiXin(Admin.java:117)系统
[INFO] 2019-12-25 15:16:11,172 [ TestNG-test=fanfantest-1:245275 ] basic.Admin.ZhiFuDanYiChangWeiXin(Admin.java:122)向下滚动
[INFO] 2019-12-25 15:16:11,509 [ TestNG-test=fanfantest-1:245612 ] basic.Admin.ZhiFuDanYiChangWeiXin(Admin.java:126)订单支付异常处理
[INFO] 2019-12-25 15:16:11,551 [ TestNG-test=fanfantest-1:245654 ] basic.Admin.ZhiFuDanYiChangWeiXin(Admin.java:130)输入采购单号
[INFO] 2019-12-25 15:16:12,810 [ TestNG-test=fanfantest-1:246913 ] basic.Admin.ZhiFuDanYiChangWeiXin(Admin.java:135)点击查找
[INFO] 2019-12-25 15:16:13,046 [ TestNG-test=fanfantest-1:247149 ] basic.Admin.ZhiFuDanYiChangWeiXin(Admin.java:139)点击完成支付
[INFO] 2019-12-25 15:16:13,279 [ TestNG-test=fanfantest-1:247382 ] basic.Admin.ZhiFuDanYiChangWeiXin(Admin.java:143)点击确定
[INFO] 2019-12-25 15:16:13,537 [ TestNG-test=fanfantest-1:247640 ] basic.Admin.ZhiFuDanYiChangWeiXin(Admin.java:147)确定
[INFO] 2019-12-25 15:16:14,252 [ TestNG-test=fanfantest-1:248355 ] basic.Admin.ZhiFuDanYiChangWeiXin(Admin.java:151)确定
[INFO] 2019-12-25 15:16:14,255 [ TestNG-test=fanfantest-1:248358 ] controler.goumai.mai(goumai.java:29)测试用例内容:{0=http://192.168.1.22, 1=15900000003, 2=15900000003, 3=大白菜 土地, 4=, 5=}
[INFO] 2019-12-25 15:16:14,255 [ TestNG-test=fanfantest-1:248358 ] basic.Mai.<init>(Mai.java:24)移动端购买
[INFO] 2019-12-25 15:16:14,256 [ TestNG-test=fanfantest-1:248359 ] basic.Mai.<init>(Mai.java:33)余额支付
[INFO] 2019-12-25 15:16:14,256 [ TestNG-test=fanfantest-1:248359 ] basic.Mai.<init>(Mai.java:78)mobile登录
[INFO] 2019-12-25 15:16:14,580 [ TestNG-test=fanfantest-1:248683 ] basic.Mobile.Login(Mobile.java:20)打开移动端
[INFO] 2019-12-25 15:16:17,292 [ TestNG-test=fanfantest-1:251395 ] basic.Mobile.Login(Mobile.java:24)点击采购商登陆
[INFO] 2019-12-25 15:16:17,518 [ TestNG-test=fanfantest-1:251621 ] basic.Mobile.Login(Mobile.java:31)已登录，确定
[INFO] 2019-12-25 15:16:18,846 [ TestNG-test=fanfantest-1:252949 ] basic.Mobile.Login(Mobile.java:33)点击我的饭饭
[INFO] 2019-12-25 15:16:19,476 [ TestNG-test=fanfantest-1:253579 ] basic.Mobile.Login(Mobile.java:40)向下滚动
[INFO] 2019-12-25 15:16:19,930 [ TestNG-test=fanfantest-1:254033 ] basic.Mobile.Login(Mobile.java:43)点击退出登录
[INFO] 2019-12-25 15:16:22,658 [ TestNG-test=fanfantest-1:256761 ] basic.Mobile.Login(Mobile.java:46)点击采购商登陆
[INFO] 2019-12-25 15:16:22,726 [ TestNG-test=fanfantest-1:256829 ] basic.Mobile.Login(Mobile.java:51)输入用户名密码
[INFO] 2019-12-25 15:16:23,281 [ TestNG-test=fanfantest-1:257384 ] basic.Mobile.Login(Mobile.java:55)登录
[INFO] 2019-12-25 15:16:24,824 [ TestNG-test=fanfantest-1:258927 ] basic.Mobile.GouMaiYuE(Mobile.java:125)输入商品名称
[INFO] 2019-12-25 15:16:26,272 [ TestNG-test=fanfantest-1:260375 ] basic.Mobile.GouMaiYuE(Mobile.java:128)点击查找
[INFO] 2019-12-25 15:16:26,900 [ TestNG-test=fanfantest-1:261003 ] basic.Mobile.GouMaiYuE(Mobile.java:132)点击商品
[INFO] 2019-12-25 15:16:27,700 [ TestNG-test=fanfantest-1:261803 ] basic.Mobile.GouMaiYuE(Mobile.java:139)向下滚动
[INFO] 2019-12-25 15:16:28,477 [ TestNG-test=fanfantest-1:262580 ] basic.Mobile.GouMaiYuE(Mobile.java:147)点击数量
[INFO] 2019-12-25 15:16:28,494 [ TestNG-test=fanfantest-1:262597 ] basic.Mobile.GouMaiYuE(Mobile.java:152)购买数量:5
[INFO] 2019-12-25 15:16:28,586 [ TestNG-test=fanfantest-1:262689 ] basic.Mobile.GouMaiYuE(Mobile.java:159)店铺名称老宋店铺
[INFO] 2019-12-25 15:16:31,392 [ TestNG-test=fanfantest-1:265495 ] basic.Mobile.GouMaiYuE(Mobile.java:163)立即购买
[INFO] 2019-12-25 15:16:31,643 [ TestNG-test=fanfantest-1:265746 ] basic.Mobile.GouMaiYuE(Mobile.java:167)提交订单
[INFO] 2019-12-25 15:16:33,940 [ TestNG-test=fanfantest-1:268043 ] basic.Mobile.GouMaiYuE(Mobile.java:171)确定
[INFO] 2019-12-25 15:16:33,970 [ TestNG-test=fanfantest-1:268073 ] basic.Mobile.GouMaiYuE(Mobile.java:175)采购单号:912251100545
[INFO] 2019-12-25 15:16:34,193 [ TestNG-test=fanfantest-1:268296 ] basic.Mobile.GouMaiYuE(Mobile.java:179)选择余额支付
[INFO] 2019-12-25 15:16:37,385 [ TestNG-test=fanfantest-1:271488 ] basic.Mobile.GouMaiYuE(Mobile.java:183)立即支付
[INFO] 2019-12-25 15:16:37,427 [ TestNG-test=fanfantest-1:271530 ] basic.Mobile.GouMaiYuE(Mobile.java:187)支付成功
[INFO] 2019-12-25 15:16:37,427 [ TestNG-test=fanfantest-1:271530 ] controler.goumai.mai(goumai.java:29)测试用例内容:{0=http://192.168.1.23, 1=15900000003, 2=15900000003, 3=大白菜 土地, 4=yes, 5=}
[INFO] 2019-12-25 15:16:37,427 [ TestNG-test=fanfantest-1:271530 ] basic.Mai.<init>(Mai.java:21)PC端购买
[INFO] 2019-12-25 15:16:37,428 [ TestNG-test=fanfantest-1:271531 ] basic.Mai.<init>(Mai.java:33)余额支付
[INFO] 2019-12-25 15:16:37,428 [ TestNG-test=fanfantest-1:271531 ] basic.Mai.<init>(Mai.java:56)PC登录
[INFO] 2019-12-25 15:16:49,299 [ TestNG-test=fanfantest-1:283402 ] basic.Pc.GouMaiYuE(Pc.java:100)输入商品名称
[INFO] 2019-12-25 15:16:49,551 [ TestNG-test=fanfantest-1:283654 ] basic.Pc.GouMaiYuE(Pc.java:103)点击查找
[INFO] 2019-12-25 15:16:50,927 [ TestNG-test=fanfantest-1:285030 ] basic.Pc.GouMaiYuE(Pc.java:107)点击商品
[INFO] 2019-12-25 15:16:52,100 [ TestNG-test=fanfantest-1:286203 ] basic.Pc.GouMaiYuE(Pc.java:111)店铺名称:老宋店铺
[INFO] 2019-12-25 15:16:53,349 [ TestNG-test=fanfantest-1:287452 ] basic.Pc.GouMaiYuE(Pc.java:117)购买数量:4
[INFO] 2019-12-25 15:16:56,851 [ TestNG-test=fanfantest-1:290954 ] basic.Pc.GouMaiYuE(Pc.java:122)立即购买
[INFO] 2019-12-25 15:16:56,887 [ TestNG-test=fanfantest-1:290990 ] basic.Pc.GouMaiYuE(Pc.java:128)向下滚动
[INFO] 2019-12-25 15:17:00,160 [ TestNG-test=fanfantest-1:294263 ] basic.Pc.GouMaiYuE(Pc.java:138)提交订单
[INFO] 2019-12-25 15:17:03,530 [ TestNG-test=fanfantest-1:297633 ] basic.Pc.GouMaiYuE(Pc.java:142)确定
[INFO] 2019-12-25 15:17:03,557 [ TestNG-test=fanfantest-1:297660 ] basic.Pc.GouMaiYuE(Pc.java:146)采购单号:912251200545
[INFO] 2019-12-25 15:17:03,777 [ TestNG-test=fanfantest-1:297880 ] basic.Pc.GouMaiYuE(Pc.java:150)选择余额支付
[INFO] 2019-12-25 15:17:04,045 [ TestNG-test=fanfantest-1:298148 ] basic.Pc.GouMaiYuE(Pc.java:154)点击立即支付
[INFO] 2019-12-25 15:17:04,507 [ TestNG-test=fanfantest-1:298610 ] basic.Pc.GouMaiYuE(Pc.java:158)支付成功！
[INFO] 2019-12-25 15:17:04,507 [ TestNG-test=fanfantest-1:298610 ] controler.goumai.mai(goumai.java:29)测试用例内容:{0=http://192.168.1.25, 1=15841153362, 2=15841153361, 3=大白菜 土地, 4=yes, 5=}
[INFO] 2019-12-25 15:17:04,508 [ TestNG-test=fanfantest-1:298611 ] basic.Mai.<init>(Mai.java:21)PC端购买
[INFO] 2019-12-25 15:17:04,508 [ TestNG-test=fanfantest-1:298611 ] basic.Mai.<init>(Mai.java:33)余额支付
[INFO] 2019-12-25 15:17:04,508 [ TestNG-test=fanfantest-1:298611 ] basic.Mai.<init>(Mai.java:56)PC登录
[INFO] 2019-12-25 15:17:14,439 [ TestNG-test=fanfantest-1:308542 ] basic.Pc.GouMaiYuE(Pc.java:100)输入商品名称
[INFO] 2019-12-25 15:17:15,539 [ TestNG-test=fanfantest-1:309642 ] basic.Pc.GouMaiYuE(Pc.java:103)点击查找
[INFO] 2019-12-25 15:17:18,235 [ TestNG-test=fanfantest-1:312338 ] basic.Pc.GouMaiYuE(Pc.java:107)点击商品
[INFO] 2019-12-25 15:17:19,517 [ TestNG-test=fanfantest-1:313620 ] basic.Pc.GouMaiYuE(Pc.java:111)店铺名称:老宋店铺
[INFO] 2019-12-25 15:17:20,552 [ TestNG-test=fanfantest-1:314655 ] basic.Pc.GouMaiYuE(Pc.java:117)购买数量:7
[INFO] 2019-12-25 15:17:24,087 [ TestNG-test=fanfantest-1:318190 ] basic.Pc.GouMaiYuE(Pc.java:122)立即购买
[INFO] 2019-12-25 15:17:24,108 [ TestNG-test=fanfantest-1:318211 ] basic.Pc.GouMaiYuE(Pc.java:128)向下滚动
[INFO] 2019-12-25 15:17:27,366 [ TestNG-test=fanfantest-1:321469 ] basic.Pc.GouMaiYuE(Pc.java:138)提交订单
[INFO] 2019-12-25 15:17:30,529 [ TestNG-test=fanfantest-1:324632 ] basic.Pc.GouMaiYuE(Pc.java:142)确定
[INFO] 2019-12-25 15:17:30,558 [ TestNG-test=fanfantest-1:324661 ] basic.Pc.GouMaiYuE(Pc.java:146)采购单号:912253300523
[INFO] 2019-12-25 15:17:30,781 [ TestNG-test=fanfantest-1:324884 ] basic.Pc.GouMaiYuE(Pc.java:150)选择余额支付
[INFO] 2019-12-25 15:17:31,029 [ TestNG-test=fanfantest-1:325132 ] basic.Pc.GouMaiYuE(Pc.java:154)点击立即支付
[INFO] 2019-12-25 15:17:31,398 [ TestNG-test=fanfantest-1:325501 ] basic.Pc.GouMaiYuE(Pc.java:158)支付成功！
[INFO] 2019-12-25 15:17:31,399 [ TestNG-test=fanfantest-1:325502 ] controler.goumai.mai(goumai.java:29)测试用例内容:{0=http://192.168.1.24, 1=15841153362, 2=15841153361, 3=大白菜 土地, 4=, 5=}
[INFO] 2019-12-25 15:17:31,399 [ TestNG-test=fanfantest-1:325502 ] basic.Mai.<init>(Mai.java:24)移动端购买
[INFO] 2019-12-25 15:17:31,399 [ TestNG-test=fanfantest-1:325502 ] basic.Mai.<init>(Mai.java:33)余额支付
[INFO] 2019-12-25 15:17:31,399 [ TestNG-test=fanfantest-1:325502 ] basic.Mai.<init>(Mai.java:78)mobile登录
[INFO] 2019-12-25 15:17:32,459 [ TestNG-test=fanfantest-1:326562 ] basic.Mobile.Login(Mobile.java:20)打开移动端
[INFO] 2019-12-25 15:17:33,030 [ TestNG-test=fanfantest-1:327133 ] basic.Mobile.Login(Mobile.java:24)点击采购商登陆
[INFO] 2019-12-25 15:17:33,142 [ TestNG-test=fanfantest-1:327245 ] basic.Mobile.Login(Mobile.java:51)输入用户名密码
[INFO] 2019-12-25 15:17:33,628 [ TestNG-test=fanfantest-1:327731 ] basic.Mobile.Login(Mobile.java:55)登录
[INFO] 2019-12-25 15:17:33,751 [ TestNG-test=fanfantest-1:327854 ] basic.Mobile.GouMaiYuE(Mobile.java:125)输入商品名称
[INFO] 2019-12-25 15:17:35,532 [ TestNG-test=fanfantest-1:329635 ] basic.Mobile.GouMaiYuE(Mobile.java:128)点击查找
[INFO] 2019-12-25 15:17:36,298 [ TestNG-test=fanfantest-1:330401 ] basic.Mobile.GouMaiYuE(Mobile.java:132)点击商品
[INFO] 2019-12-25 15:17:37,094 [ TestNG-test=fanfantest-1:331197 ] basic.Mobile.GouMaiYuE(Mobile.java:139)向下滚动
[INFO] 2019-12-25 15:17:37,832 [ TestNG-test=fanfantest-1:331935 ] basic.Mobile.GouMaiYuE(Mobile.java:147)点击数量
[INFO] 2019-12-25 15:17:37,868 [ TestNG-test=fanfantest-1:331971 ] basic.Mobile.GouMaiYuE(Mobile.java:152)购买数量:10
[INFO] 2019-12-25 15:17:37,967 [ TestNG-test=fanfantest-1:332070 ] basic.Mobile.GouMaiYuE(Mobile.java:159)店铺名称老宋店铺
[INFO] 2019-12-25 15:17:40,879 [ TestNG-test=fanfantest-1:334982 ] basic.Mobile.GouMaiYuE(Mobile.java:163)立即购买
[INFO] 2019-12-25 15:17:41,129 [ TestNG-test=fanfantest-1:335232 ] basic.Mobile.GouMaiYuE(Mobile.java:167)提交订单
[INFO] 2019-12-25 15:17:43,449 [ TestNG-test=fanfantest-1:337552 ] basic.Mobile.GouMaiYuE(Mobile.java:171)确定
[INFO] 2019-12-25 15:17:43,476 [ TestNG-test=fanfantest-1:337579 ] basic.Mobile.GouMaiYuE(Mobile.java:175)采购单号:912253400523
[INFO] 2019-12-25 15:17:43,701 [ TestNG-test=fanfantest-1:337804 ] basic.Mobile.GouMaiYuE(Mobile.java:179)选择余额支付
[INFO] 2019-12-25 15:17:46,932 [ TestNG-test=fanfantest-1:341035 ] basic.Mobile.GouMaiYuE(Mobile.java:183)立即支付
[INFO] 2019-12-25 15:17:46,981 [ TestNG-test=fanfantest-1:341084 ] basic.Mobile.GouMaiYuE(Mobile.java:187)支付成功
[INFO] 2019-12-25 15:17:46,981 [ TestNG-test=fanfantest-1:341084 ] controler.goumai.mai(goumai.java:29)测试用例内容:{0=http://192.168.1.25, 1=15841153362, 2=15841153361, 3=大白菜 土地, 4=yes, 5=yes}
[INFO] 2019-12-25 15:17:46,981 [ TestNG-test=fanfantest-1:341084 ] basic.Mai.<init>(Mai.java:21)PC端购买
[INFO] 2019-12-25 15:17:46,981 [ TestNG-test=fanfantest-1:341084 ] basic.Mai.<init>(Mai.java:30)微信支付
[INFO] 2019-12-25 15:17:46,982 [ TestNG-test=fanfantest-1:341085 ] basic.Mai.<init>(Mai.java:40)PC登录
[INFO] 2019-12-25 15:17:54,303 [ TestNG-test=fanfantest-1:348406 ] basic.Pc.GouMaiWeiXin(Pc.java:46)输入商品名称
[INFO] 2019-12-25 15:17:54,735 [ TestNG-test=fanfantest-1:348838 ] basic.Pc.GouMaiWeiXin(Pc.java:49)点击查找
[INFO] 2019-12-25 15:17:57,300 [ TestNG-test=fanfantest-1:351403 ] basic.Pc.GouMaiWeiXin(Pc.java:53)点击商品
[INFO] 2019-12-25 15:17:59,149 [ TestNG-test=fanfantest-1:353252 ] basic.Pc.GouMaiWeiXin(Pc.java:57)店铺名称:老宋店铺
[INFO] 2019-12-25 15:17:59,707 [ TestNG-test=fanfantest-1:353810 ] basic.Pc.GouMaiWeiXin(Pc.java:63)购买数量:5
[INFO] 2019-12-25 15:18:03,134 [ TestNG-test=fanfantest-1:357237 ] basic.Pc.GouMaiWeiXin(Pc.java:68)点击立即购买
[INFO] 2019-12-25 15:18:03,152 [ TestNG-test=fanfantest-1:357255 ] basic.Pc.GouMaiWeiXin(Pc.java:74)向下滚动
[INFO] 2019-12-25 15:18:06,409 [ TestNG-test=fanfantest-1:360512 ] basic.Pc.GouMaiWeiXin(Pc.java:79)提交订单
[INFO] 2019-12-25 15:18:09,552 [ TestNG-test=fanfantest-1:363655 ] basic.Pc.GouMaiWeiXin(Pc.java:83)确定
[INFO] 2019-12-25 15:18:09,583 [ TestNG-test=fanfantest-1:363686 ] basic.Pc.GouMaiWeiXin(Pc.java:87)采购单号:912253500523
[INFO] 2019-12-25 15:18:09,583 [ TestNG-test=fanfantest-1:363686 ] basic.Mai.<init>(Mai.java:48)admin登录
[INFO] 2019-12-25 15:18:14,479 [ TestNG-test=fanfantest-1:368582 ] basic.Admin.ZhiFuDanYiChangWeiXin(Admin.java:117)系统
[INFO] 2019-12-25 15:18:14,491 [ TestNG-test=fanfantest-1:368594 ] basic.Admin.ZhiFuDanYiChangWeiXin(Admin.java:122)向下滚动
[INFO] 2019-12-25 15:18:14,785 [ TestNG-test=fanfantest-1:368888 ] basic.Admin.ZhiFuDanYiChangWeiXin(Admin.java:126)订单支付异常处理
[INFO] 2019-12-25 15:18:14,834 [ TestNG-test=fanfantest-1:368937 ] basic.Admin.ZhiFuDanYiChangWeiXin(Admin.java:130)输入采购单号
[INFO] 2019-12-25 15:18:16,086 [ TestNG-test=fanfantest-1:370189 ] basic.Admin.ZhiFuDanYiChangWeiXin(Admin.java:135)点击查找
[INFO] 2019-12-25 15:18:16,330 [ TestNG-test=fanfantest-1:370433 ] basic.Admin.ZhiFuDanYiChangWeiXin(Admin.java:139)点击完成支付
[INFO] 2019-12-25 15:18:16,563 [ TestNG-test=fanfantest-1:370666 ] basic.Admin.ZhiFuDanYiChangWeiXin(Admin.java:143)点击确定
[INFO] 2019-12-25 15:18:16,837 [ TestNG-test=fanfantest-1:370940 ] basic.Admin.ZhiFuDanYiChangWeiXin(Admin.java:147)确定
[INFO] 2019-12-25 15:18:17,640 [ TestNG-test=fanfantest-1:371743 ] basic.Admin.ZhiFuDanYiChangWeiXin(Admin.java:151)确定
[INFO] 2019-12-25 15:18:17,640 [ TestNG-test=fanfantest-1:371743 ] controler.goumai.mai(goumai.java:29)测试用例内容:{0=http://192.168.1.24, 1=15841153362, 2=15841153361, 3=大白菜 土地, 4=, 5=yes}
[INFO] 2019-12-25 15:18:17,642 [ TestNG-test=fanfantest-1:371745 ] basic.Mai.<init>(Mai.java:24)移动端购买
[INFO] 2019-12-25 15:18:17,643 [ TestNG-test=fanfantest-1:371746 ] basic.Mai.<init>(Mai.java:30)微信支付
[INFO] 2019-12-25 15:18:17,643 [ TestNG-test=fanfantest-1:371746 ] basic.Mai.<init>(Mai.java:64)mobile登录
[INFO] 2019-12-25 15:18:17,938 [ TestNG-test=fanfantest-1:372041 ] basic.Mobile.Login(Mobile.java:20)打开移动端
[INFO] 2019-12-25 15:18:18,458 [ TestNG-test=fanfantest-1:372561 ] basic.Mobile.Login(Mobile.java:24)点击采购商登陆
[INFO] 2019-12-25 15:18:21,307 [ TestNG-test=fanfantest-1:375410 ] basic.Mobile.Login(Mobile.java:31)已登录，确定
[INFO] 2019-12-25 15:18:22,086 [ TestNG-test=fanfantest-1:376189 ] basic.Mobile.Login(Mobile.java:33)点击我的饭饭
[INFO] 2019-12-25 15:18:22,650 [ TestNG-test=fanfantest-1:376753 ] basic.Mobile.Login(Mobile.java:40)向下滚动
[INFO] 2019-12-25 15:18:22,990 [ TestNG-test=fanfantest-1:377093 ] basic.Mobile.Login(Mobile.java:43)点击退出登录
[INFO] 2019-12-25 15:18:23,489 [ TestNG-test=fanfantest-1:377592 ] basic.Mobile.Login(Mobile.java:46)点击采购商登陆
[INFO] 2019-12-25 15:18:23,791 [ TestNG-test=fanfantest-1:377894 ] basic.Mobile.Login(Mobile.java:51)输入用户名密码
[INFO] 2019-12-25 15:18:24,192 [ TestNG-test=fanfantest-1:378295 ] basic.Mobile.Login(Mobile.java:55)登录
[INFO] 2019-12-25 15:18:27,193 [ TestNG-test=fanfantest-1:381296 ] basic.Mobile.GouMaiWeiXin(Mobile.java:63)输入商品名称
[INFO] 2019-12-25 15:18:27,516 [ TestNG-test=fanfantest-1:381619 ] basic.Mobile.GouMaiWeiXin(Mobile.java:66)点击查找
[INFO] 2019-12-25 15:18:28,217 [ TestNG-test=fanfantest-1:382320 ] basic.Mobile.GouMaiWeiXin(Mobile.java:70)点击商品
[INFO] 2019-12-25 15:18:28,944 [ TestNG-test=fanfantest-1:383047 ] basic.Mobile.GouMaiWeiXin(Mobile.java:77)向下滚动
[INFO] 2019-12-25 15:18:29,705 [ TestNG-test=fanfantest-1:383808 ] basic.Mobile.GouMaiWeiXin(Mobile.java:85)点击数量
[INFO] 2019-12-25 15:18:29,751 [ TestNG-test=fanfantest-1:383854 ] basic.Mobile.GouMaiWeiXin(Mobile.java:90)购买数量:5
[INFO] 2019-12-25 15:18:29,858 [ TestNG-test=fanfantest-1:383961 ] basic.Mobile.GouMaiWeiXin(Mobile.java:96)店铺名称:老宋店铺
[INFO] 2019-12-25 15:18:32,740 [ TestNG-test=fanfantest-1:386843 ] basic.Mobile.GouMaiWeiXin(Mobile.java:100)立即购买
[INFO] 2019-12-25 15:18:32,996 [ TestNG-test=fanfantest-1:387099 ] basic.Mobile.GouMaiWeiXin(Mobile.java:104)提交订单
[INFO] 2019-12-25 15:18:35,303 [ TestNG-test=fanfantest-1:389406 ] basic.Mobile.GouMaiWeiXin(Mobile.java:108)确定
[INFO] 2019-12-25 15:18:35,326 [ TestNG-test=fanfantest-1:389429 ] basic.Mobile.GouMaiWeiXin(Mobile.java:112)采购单号:912253600523
[INFO] 2019-12-25 15:18:35,326 [ TestNG-test=fanfantest-1:389429 ] basic.Mai.<init>(Mai.java:71)admin登录
[INFO] 2019-12-25 15:18:39,906 [ TestNG-test=fanfantest-1:394009 ] basic.Admin.ZhiFuDanYiChangWeiXin(Admin.java:117)系统
[INFO] 2019-12-25 15:18:40,216 [ TestNG-test=fanfantest-1:394319 ] basic.Admin.ZhiFuDanYiChangWeiXin(Admin.java:122)向下滚动
[INFO] 2019-12-25 15:18:40,468 [ TestNG-test=fanfantest-1:394571 ] basic.Admin.ZhiFuDanYiChangWeiXin(Admin.java:126)订单支付异常处理
[INFO] 2019-12-25 15:18:40,519 [ TestNG-test=fanfantest-1:394622 ] basic.Admin.ZhiFuDanYiChangWeiXin(Admin.java:130)输入采购单号
[INFO] 2019-12-25 15:18:41,792 [ TestNG-test=fanfantest-1:395895 ] basic.Admin.ZhiFuDanYiChangWeiXin(Admin.java:135)点击查找
[INFO] 2019-12-25 15:18:42,043 [ TestNG-test=fanfantest-1:396146 ] basic.Admin.ZhiFuDanYiChangWeiXin(Admin.java:139)点击完成支付
[INFO] 2019-12-25 15:18:42,272 [ TestNG-test=fanfantest-1:396375 ] basic.Admin.ZhiFuDanYiChangWeiXin(Admin.java:143)点击确定
[INFO] 2019-12-25 15:18:42,536 [ TestNG-test=fanfantest-1:396639 ] basic.Admin.ZhiFuDanYiChangWeiXin(Admin.java:147)确定
[INFO] 2019-12-25 15:18:43,280 [ TestNG-test=fanfantest-1:397383 ] basic.Admin.ZhiFuDanYiChangWeiXin(Admin.java:151)确定
[INFO] 2019-12-25 15:18:43,280 [ TestNG-test=fanfantest-1:397383 ] controler.goumai.mai(goumai.java:29)测试用例内容:{0=http://192.168.1.28:8100/, 1=15841153361, 2=15841153361, 3=大白菜 土地, 4=yes, 5=yes}
[INFO] 2019-12-25 15:18:43,280 [ TestNG-test=fanfantest-1:397383 ] basic.Mai.<init>(Mai.java:21)PC端购买
[INFO] 2019-12-25 15:18:43,281 [ TestNG-test=fanfantest-1:397384 ] basic.Mai.<init>(Mai.java:30)微信支付
[INFO] 2019-12-25 15:18:43,281 [ TestNG-test=fanfantest-1:397384 ] basic.Mai.<init>(Mai.java:40)PC登录
[INFO] 2019-12-25 15:18:50,292 [ TestNG-test=fanfantest-1:404395 ] basic.Pc.GouMaiWeiXin(Pc.java:46)输入商品名称
[INFO] 2019-12-25 15:18:50,686 [ TestNG-test=fanfantest-1:404789 ] basic.Pc.GouMaiWeiXin(Pc.java:49)点击查找
[INFO] 2019-12-25 15:18:53,134 [ TestNG-test=fanfantest-1:407237 ] basic.Pc.GouMaiWeiXin(Pc.java:53)点击商品
[INFO] 2019-12-25 15:18:54,463 [ TestNG-test=fanfantest-1:408566 ] basic.Pc.GouMaiWeiXin(Pc.java:57)店铺名称:老宋店铺
[INFO] 2019-12-25 15:18:55,672 [ TestNG-test=fanfantest-1:409775 ] basic.Pc.GouMaiWeiXin(Pc.java:63)购买数量:8
[INFO] 2019-12-25 15:18:59,264 [ TestNG-test=fanfantest-1:413367 ] basic.Pc.GouMaiWeiXin(Pc.java:68)点击立即购买
[INFO] 2019-12-25 15:18:59,337 [ TestNG-test=fanfantest-1:413440 ] basic.Pc.GouMaiWeiXin(Pc.java:74)向下滚动
[INFO] 2019-12-25 15:19:02,595 [ TestNG-test=fanfantest-1:416698 ] basic.Pc.GouMaiWeiXin(Pc.java:79)提交订单
[INFO] 2019-12-25 15:19:05,973 [ TestNG-test=fanfantest-1:420076 ] basic.Pc.GouMaiWeiXin(Pc.java:83)确定
[INFO] 2019-12-25 15:19:06,000 [ TestNG-test=fanfantest-1:420103 ] basic.Pc.GouMaiWeiXin(Pc.java:87)采购单号:912250900526
[INFO] 2019-12-25 15:19:06,000 [ TestNG-test=fanfantest-1:420103 ] basic.Mai.<init>(Mai.java:48)admin登录
[INFO] 2019-12-25 15:19:10,818 [ TestNG-test=fanfantest-1:424921 ] basic.Admin.ZhiFuDanYiChangWeiXin(Admin.java:117)系统
[INFO] 2019-12-25 15:19:10,828 [ TestNG-test=fanfantest-1:424931 ] basic.Admin.ZhiFuDanYiChangWeiXin(Admin.java:122)向下滚动
[INFO] 2019-12-25 15:19:11,194 [ TestNG-test=fanfantest-1:425297 ] basic.Admin.ZhiFuDanYiChangWeiXin(Admin.java:126)订单支付异常处理
[INFO] 2019-12-25 15:19:11,244 [ TestNG-test=fanfantest-1:425347 ] basic.Admin.ZhiFuDanYiChangWeiXin(Admin.java:130)输入采购单号
[INFO] 2019-12-25 15:19:12,498 [ TestNG-test=fanfantest-1:426601 ] basic.Admin.ZhiFuDanYiChangWeiXin(Admin.java:135)点击查找
[INFO] 2019-12-25 15:19:12,754 [ TestNG-test=fanfantest-1:426857 ] basic.Admin.ZhiFuDanYiChangWeiXin(Admin.java:139)点击完成支付
[INFO] 2019-12-25 15:19:12,996 [ TestNG-test=fanfantest-1:427099 ] basic.Admin.ZhiFuDanYiChangWeiXin(Admin.java:143)点击确定
[INFO] 2019-12-25 15:19:13,280 [ TestNG-test=fanfantest-1:427383 ] basic.Admin.ZhiFuDanYiChangWeiXin(Admin.java:147)确定
[INFO] 2019-12-25 15:19:13,979 [ TestNG-test=fanfantest-1:428082 ] basic.Admin.ZhiFuDanYiChangWeiXin(Admin.java:151)确定
[INFO] 2019-12-25 15:19:13,979 [ TestNG-test=fanfantest-1:428082 ] controler.goumai.mai(goumai.java:29)测试用例内容:{0=http://192.168.1.28:8200/, 1=15841153361, 2=15841153361, 3=大白菜 土地, 4=, 5=yes}
[INFO] 2019-12-25 15:19:13,979 [ TestNG-test=fanfantest-1:428082 ] basic.Mai.<init>(Mai.java:24)移动端购买
[INFO] 2019-12-25 15:19:13,979 [ TestNG-test=fanfantest-1:428082 ] basic.Mai.<init>(Mai.java:30)微信支付
[INFO] 2019-12-25 15:19:13,980 [ TestNG-test=fanfantest-1:428083 ] basic.Mai.<init>(Mai.java:64)mobile登录
[INFO] 2019-12-25 15:19:14,514 [ TestNG-test=fanfantest-1:428617 ] basic.Mobile.Login(Mobile.java:20)打开移动端
[INFO] 2019-12-25 15:19:15,082 [ TestNG-test=fanfantest-1:429185 ] basic.Mobile.Login(Mobile.java:24)点击采购商登陆
[INFO] 2019-12-25 15:19:15,177 [ TestNG-test=fanfantest-1:429280 ] basic.Mobile.Login(Mobile.java:51)输入用户名密码
[INFO] 2019-12-25 15:19:15,782 [ TestNG-test=fanfantest-1:429885 ] basic.Mobile.Login(Mobile.java:55)登录
[INFO] 2019-12-25 15:19:18,487 [ TestNG-test=fanfantest-1:432590 ] basic.Mobile.GouMaiWeiXin(Mobile.java:63)输入商品名称
[INFO] 2019-12-25 15:19:18,834 [ TestNG-test=fanfantest-1:432937 ] basic.Mobile.GouMaiWeiXin(Mobile.java:66)点击查找
[INFO] 2019-12-25 15:19:19,581 [ TestNG-test=fanfantest-1:433684 ] basic.Mobile.GouMaiWeiXin(Mobile.java:70)点击商品
[INFO] 2019-12-25 15:19:20,377 [ TestNG-test=fanfantest-1:434480 ] basic.Mobile.GouMaiWeiXin(Mobile.java:77)向下滚动
[INFO] 2019-12-25 15:19:21,143 [ TestNG-test=fanfantest-1:435246 ] basic.Mobile.GouMaiWeiXin(Mobile.java:85)点击数量
[INFO] 2019-12-25 15:19:21,268 [ TestNG-test=fanfantest-1:435371 ] basic.Mobile.GouMaiWeiXin(Mobile.java:90)购买数量:4
[INFO] 2019-12-25 15:19:21,288 [ TestNG-test=fanfantest-1:435391 ] basic.Mobile.GouMaiWeiXin(Mobile.java:96)店铺名称:老宋店铺
[INFO] 2019-12-25 15:19:24,344 [ TestNG-test=fanfantest-1:438447 ] basic.Mobile.GouMaiWeiXin(Mobile.java:100)立即购买
[INFO] 2019-12-25 15:19:24,603 [ TestNG-test=fanfantest-1:438706 ] basic.Mobile.GouMaiWeiXin(Mobile.java:104)提交订单
[INFO] 2019-12-25 15:19:26,914 [ TestNG-test=fanfantest-1:441017 ] basic.Mobile.GouMaiWeiXin(Mobile.java:108)确定
[INFO] 2019-12-25 15:19:26,951 [ TestNG-test=fanfantest-1:441054 ] basic.Mobile.GouMaiWeiXin(Mobile.java:112)采购单号:912251000526
[INFO] 2019-12-25 15:19:26,951 [ TestNG-test=fanfantest-1:441054 ] basic.Mai.<init>(Mai.java:71)admin登录
[INFO] 2019-12-25 15:19:31,788 [ TestNG-test=fanfantest-1:445891 ] basic.Admin.ZhiFuDanYiChangWeiXin(Admin.java:117)系统
[INFO] 2019-12-25 15:19:31,797 [ TestNG-test=fanfantest-1:445900 ] basic.Admin.ZhiFuDanYiChangWeiXin(Admin.java:122)向下滚动
[INFO] 2019-12-25 15:19:32,066 [ TestNG-test=fanfantest-1:446169 ] basic.Admin.ZhiFuDanYiChangWeiXin(Admin.java:126)订单支付异常处理
[INFO] 2019-12-25 15:19:32,120 [ TestNG-test=fanfantest-1:446223 ] basic.Admin.ZhiFuDanYiChangWeiXin(Admin.java:130)输入采购单号
[INFO] 2019-12-25 15:19:33,401 [ TestNG-test=fanfantest-1:447504 ] basic.Admin.ZhiFuDanYiChangWeiXin(Admin.java:135)点击查找
[INFO] 2019-12-25 15:19:33,663 [ TestNG-test=fanfantest-1:447766 ] basic.Admin.ZhiFuDanYiChangWeiXin(Admin.java:139)点击完成支付
[INFO] 2019-12-25 15:19:33,898 [ TestNG-test=fanfantest-1:448001 ] basic.Admin.ZhiFuDanYiChangWeiXin(Admin.java:143)点击确定
[INFO] 2019-12-25 15:19:34,183 [ TestNG-test=fanfantest-1:448286 ] basic.Admin.ZhiFuDanYiChangWeiXin(Admin.java:147)确定
[INFO] 2019-12-25 15:19:34,861 [ TestNG-test=fanfantest-1:448964 ] basic.Admin.ZhiFuDanYiChangWeiXin(Admin.java:151)确定
[INFO] 2019-12-25 15:19:34,862 [ TestNG-test=fanfantest-1:448965 ] controler.goumai.mai(goumai.java:29)测试用例内容:{0=http://192.168.1.28:8100/, 1=15841153361, 2=15841153361, 3=大白菜 土地, 4=yes, 5=}
[INFO] 2019-12-25 15:19:34,863 [ TestNG-test=fanfantest-1:448966 ] basic.Mai.<init>(Mai.java:21)PC端购买
[INFO] 2019-12-25 15:19:34,863 [ TestNG-test=fanfantest-1:448966 ] basic.Mai.<init>(Mai.java:33)余额支付
[INFO] 2019-12-25 15:19:34,863 [ TestNG-test=fanfantest-1:448966 ] basic.Mai.<init>(Mai.java:56)PC登录
[INFO] 2019-12-25 15:19:43,103 [ TestNG-test=fanfantest-1:457206 ] basic.Pc.GouMaiYuE(Pc.java:100)输入商品名称
[INFO] 2019-12-25 15:19:43,419 [ TestNG-test=fanfantest-1:457522 ] basic.Pc.GouMaiYuE(Pc.java:103)点击查找
[INFO] 2019-12-25 15:19:45,795 [ TestNG-test=fanfantest-1:459898 ] basic.Pc.GouMaiYuE(Pc.java:107)点击商品
[INFO] 2019-12-25 15:19:47,686 [ TestNG-test=fanfantest-1:461789 ] basic.Pc.GouMaiYuE(Pc.java:111)店铺名称:老宋店铺
[INFO] 2019-12-25 15:19:48,207 [ TestNG-test=fanfantest-1:462310 ] basic.Pc.GouMaiYuE(Pc.java:117)购买数量:3
[INFO] 2019-12-25 15:19:51,731 [ TestNG-test=fanfantest-1:465834 ] basic.Pc.GouMaiYuE(Pc.java:122)立即购买
[INFO] 2019-12-25 15:19:51,771 [ TestNG-test=fanfantest-1:465874 ] basic.Pc.GouMaiYuE(Pc.java:128)向下滚动
[INFO] 2019-12-25 15:19:55,044 [ TestNG-test=fanfantest-1:469147 ] basic.Pc.GouMaiYuE(Pc.java:138)提交订单
[INFO] 2019-12-25 15:19:58,287 [ TestNG-test=fanfantest-1:472390 ] basic.Pc.GouMaiYuE(Pc.java:142)确定
[INFO] 2019-12-25 15:19:58,301 [ TestNG-test=fanfantest-1:472404 ] basic.Pc.GouMaiYuE(Pc.java:146)采购单号:912251100526
[INFO] 2019-12-25 15:19:58,520 [ TestNG-test=fanfantest-1:472623 ] basic.Pc.GouMaiYuE(Pc.java:150)选择余额支付
[INFO] 2019-12-25 15:19:58,771 [ TestNG-test=fanfantest-1:472874 ] basic.Pc.GouMaiYuE(Pc.java:154)点击立即支付
[INFO] 2019-12-25 15:19:59,249 [ TestNG-test=fanfantest-1:473352 ] basic.Pc.GouMaiYuE(Pc.java:158)支付成功！
[INFO] 2019-12-25 15:19:59,249 [ TestNG-test=fanfantest-1:473352 ] controler.goumai.mai(goumai.java:29)测试用例内容:{0=http://192.168.1.28:8200/, 1=15841153361, 2=15841153361, 3=大白菜 土地, 4=, 5=}
[INFO] 2019-12-25 15:19:59,249 [ TestNG-test=fanfantest-1:473352 ] basic.Mai.<init>(Mai.java:24)移动端购买
[INFO] 2019-12-25 15:19:59,249 [ TestNG-test=fanfantest-1:473352 ] basic.Mai.<init>(Mai.java:33)余额支付
[INFO] 2019-12-25 15:19:59,249 [ TestNG-test=fanfantest-1:473352 ] basic.Mai.<init>(Mai.java:78)mobile登录
[INFO] 2019-12-25 15:20:00,285 [ TestNG-test=fanfantest-1:474388 ] basic.Mobile.Login(Mobile.java:20)打开移动端
[INFO] 2019-12-25 15:20:00,463 [ TestNG-test=fanfantest-1:474566 ] basic.Mobile.Login(Mobile.java:24)点击采购商登陆
[INFO] 2019-12-25 15:20:00,581 [ TestNG-test=fanfantest-1:474684 ] basic.Mobile.Login(Mobile.java:51)输入用户名密码
[INFO] 2019-12-25 15:20:01,117 [ TestNG-test=fanfantest-1:475220 ] basic.Mobile.Login(Mobile.java:55)登录
[INFO] 2019-12-25 15:20:02,819 [ TestNG-test=fanfantest-1:476922 ] basic.Mobile.GouMaiYuE(Mobile.java:125)输入商品名称
[INFO] 2019-12-25 15:20:04,443 [ TestNG-test=fanfantest-1:478546 ] basic.Mobile.GouMaiYuE(Mobile.java:128)点击查找
[INFO] 2019-12-25 15:20:05,170 [ TestNG-test=fanfantest-1:479273 ] basic.Mobile.GouMaiYuE(Mobile.java:132)点击商品
[INFO] 2019-12-25 15:20:06,067 [ TestNG-test=fanfantest-1:480170 ] basic.Mobile.GouMaiYuE(Mobile.java:139)向下滚动
[INFO] 2019-12-25 15:20:06,847 [ TestNG-test=fanfantest-1:480950 ] basic.Mobile.GouMaiYuE(Mobile.java:147)点击数量
[INFO] 2019-12-25 15:20:06,863 [ TestNG-test=fanfantest-1:480966 ] basic.Mobile.GouMaiYuE(Mobile.java:152)购买数量:9
[INFO] 2019-12-25 15:20:06,964 [ TestNG-test=fanfantest-1:481067 ] basic.Mobile.GouMaiYuE(Mobile.java:159)店铺名称老宋店铺
[INFO] 2019-12-25 15:20:09,854 [ TestNG-test=fanfantest-1:483957 ] basic.Mobile.GouMaiYuE(Mobile.java:163)立即购买
[INFO] 2019-12-25 15:20:10,103 [ TestNG-test=fanfantest-1:484206 ] basic.Mobile.GouMaiYuE(Mobile.java:167)提交订单
[INFO] 2019-12-25 15:20:12,384 [ TestNG-test=fanfantest-1:486487 ] basic.Mobile.GouMaiYuE(Mobile.java:171)确定
[INFO] 2019-12-25 15:20:12,413 [ TestNG-test=fanfantest-1:486516 ] basic.Mobile.GouMaiYuE(Mobile.java:175)采购单号:912251200526
[INFO] 2019-12-25 15:20:12,631 [ TestNG-test=fanfantest-1:486734 ] basic.Mobile.GouMaiYuE(Mobile.java:179)选择余额支付
[INFO] 2019-12-25 15:20:15,945 [ TestNG-test=fanfantest-1:490048 ] basic.Mobile.GouMaiYuE(Mobile.java:183)立即支付
[INFO] 2019-12-25 15:20:15,961 [ TestNG-test=fanfantest-1:490064 ] basic.Mobile.GouMaiYuE(Mobile.java:187)支付成功
[INFO] 2019-12-25 15:20:15,961 [ TestNG-test=fanfantest-1:490064 ] controler.goumai.mai(goumai.java:29)测试用例内容:{0=http://192.168.1.22, 1=16000000000, 2=16000000000, 3=大白菜 土地, 4=, 5=yes}
[INFO] 2019-12-25 15:20:15,961 [ TestNG-test=fanfantest-1:490064 ] basic.Mai.<init>(Mai.java:24)移动端购买
[INFO] 2019-12-25 15:20:15,961 [ TestNG-test=fanfantest-1:490064 ] basic.Mai.<init>(Mai.java:30)微信支付
[INFO] 2019-12-25 15:20:15,961 [ TestNG-test=fanfantest-1:490064 ] basic.Mai.<init>(Mai.java:64)mobile登录
[INFO] 2019-12-25 15:20:16,301 [ TestNG-test=fanfantest-1:490404 ] basic.Mobile.Login(Mobile.java:20)打开移动端
[INFO] 2019-12-25 15:20:20,064 [ TestNG-test=fanfantest-1:494167 ] basic.Mobile.Login(Mobile.java:24)点击采购商登陆
[INFO] 2019-12-25 15:20:20,383 [ TestNG-test=fanfantest-1:494486 ] basic.Mobile.Login(Mobile.java:31)已登录，确定
[INFO] 2019-12-25 15:20:21,842 [ TestNG-test=fanfantest-1:495945 ] basic.Mobile.Login(Mobile.java:33)点击我的饭饭
[INFO] 2019-12-25 15:20:22,618 [ TestNG-test=fanfantest-1:496721 ] basic.Mobile.Login(Mobile.java:40)向下滚动
[INFO] 2019-12-25 15:20:22,932 [ TestNG-test=fanfantest-1:497035 ] basic.Mobile.Login(Mobile.java:43)点击退出登录
[INFO] 2019-12-25 15:20:24,814 [ TestNG-test=fanfantest-1:498917 ] basic.Mobile.Login(Mobile.java:46)点击采购商登陆
[INFO] 2019-12-25 15:20:25,232 [ TestNG-test=fanfantest-1:499335 ] basic.Mobile.Login(Mobile.java:51)输入用户名密码
[INFO] 2019-12-25 15:20:25,690 [ TestNG-test=fanfantest-1:499793 ] basic.Mobile.Login(Mobile.java:55)登录
[INFO] 2019-12-25 15:20:28,738 [ TestNG-test=fanfantest-1:502841 ] basic.Mobile.GouMaiWeiXin(Mobile.java:63)输入商品名称
[INFO] 2019-12-25 15:20:29,030 [ TestNG-test=fanfantest-1:503133 ] basic.Mobile.GouMaiWeiXin(Mobile.java:66)点击查找
[INFO] 2019-12-25 15:20:29,680 [ TestNG-test=fanfantest-1:503783 ] basic.Mobile.GouMaiWeiXin(Mobile.java:70)点击商品
[INFO] 2019-12-25 15:20:30,459 [ TestNG-test=fanfantest-1:504562 ] basic.Mobile.GouMaiWeiXin(Mobile.java:77)向下滚动
[INFO] 2019-12-25 15:20:31,230 [ TestNG-test=fanfantest-1:505333 ] basic.Mobile.GouMaiWeiXin(Mobile.java:85)点击数量
[INFO] 2019-12-25 15:20:31,272 [ TestNG-test=fanfantest-1:505375 ] basic.Mobile.GouMaiWeiXin(Mobile.java:90)购买数量:5
[INFO] 2019-12-25 15:20:31,394 [ TestNG-test=fanfantest-1:505497 ] basic.Mobile.GouMaiWeiXin(Mobile.java:96)店铺名称:老宋店铺
[INFO] 2019-12-25 15:20:34,206 [ TestNG-test=fanfantest-1:508309 ] basic.Mobile.GouMaiWeiXin(Mobile.java:100)立即购买
[INFO] 2019-12-25 15:20:34,437 [ TestNG-test=fanfantest-1:508540 ] basic.Mobile.GouMaiWeiXin(Mobile.java:104)提交订单
[INFO] 2019-12-25 15:20:36,768 [ TestNG-test=fanfantest-1:510871 ] basic.Mobile.GouMaiWeiXin(Mobile.java:108)确定
[INFO] 2019-12-25 15:20:36,802 [ TestNG-test=fanfantest-1:510905 ] basic.Mobile.GouMaiWeiXin(Mobile.java:112)采购单号:912250500547
[INFO] 2019-12-25 15:20:36,802 [ TestNG-test=fanfantest-1:510905 ] basic.Mai.<init>(Mai.java:71)admin登录
[INFO] 2019-12-25 15:20:41,650 [ TestNG-test=fanfantest-1:515753 ] basic.Admin.ZhiFuDanYiChangWeiXin(Admin.java:117)系统
[INFO] 2019-12-25 15:20:41,657 [ TestNG-test=fanfantest-1:515760 ] basic.Admin.ZhiFuDanYiChangWeiXin(Admin.java:122)向下滚动
[INFO] 2019-12-25 15:20:41,953 [ TestNG-test=fanfantest-1:516056 ] basic.Admin.ZhiFuDanYiChangWeiXin(Admin.java:126)订单支付异常处理
[INFO] 2019-12-25 15:20:41,983 [ TestNG-test=fanfantest-1:516086 ] basic.Admin.ZhiFuDanYiChangWeiXin(Admin.java:130)输入采购单号
[INFO] 2019-12-25 15:20:43,250 [ TestNG-test=fanfantest-1:517353 ] basic.Admin.ZhiFuDanYiChangWeiXin(Admin.java:135)点击查找
[INFO] 2019-12-25 15:20:43,513 [ TestNG-test=fanfantest-1:517616 ] basic.Admin.ZhiFuDanYiChangWeiXin(Admin.java:139)点击完成支付
[INFO] 2019-12-25 15:20:43,746 [ TestNG-test=fanfantest-1:517849 ] basic.Admin.ZhiFuDanYiChangWeiXin(Admin.java:143)点击确定
[INFO] 2019-12-25 15:20:44,019 [ TestNG-test=fanfantest-1:518122 ] basic.Admin.ZhiFuDanYiChangWeiXin(Admin.java:147)确定
[INFO] 2019-12-25 15:20:44,704 [ TestNG-test=fanfantest-1:518807 ] basic.Admin.ZhiFuDanYiChangWeiXin(Admin.java:151)确定
[INFO] 2019-12-25 15:20:44,704 [ TestNG-test=fanfantest-1:518807 ] controler.goumai.mai(goumai.java:29)测试用例内容:{0=http://192.168.1.23, 1=16000000000, 2=16000000000, 3=大白菜 土地, 4=yes, 5=yes}
[INFO] 2019-12-25 15:20:44,705 [ TestNG-test=fanfantest-1:518808 ] basic.Mai.<init>(Mai.java:21)PC端购买
[INFO] 2019-12-25 15:20:44,706 [ TestNG-test=fanfantest-1:518809 ] basic.Mai.<init>(Mai.java:30)微信支付
[INFO] 2019-12-25 15:20:44,706 [ TestNG-test=fanfantest-1:518809 ] basic.Mai.<init>(Mai.java:40)PC登录
[INFO] 2019-12-25 15:20:58,330 [ TestNG-test=fanfantest-1:532433 ] basic.Pc.GouMaiWeiXin(Pc.java:46)输入商品名称
[INFO] 2019-12-25 15:20:58,769 [ TestNG-test=fanfantest-1:532872 ] basic.Pc.GouMaiWeiXin(Pc.java:49)点击查找
[INFO] 2019-12-25 15:21:01,351 [ TestNG-test=fanfantest-1:535454 ] basic.Pc.GouMaiWeiXin(Pc.java:53)点击商品
[INFO] 2019-12-25 15:21:03,399 [ TestNG-test=fanfantest-1:537502 ] basic.Pc.GouMaiWeiXin(Pc.java:57)店铺名称:老宋店铺
[INFO] 2019-12-25 15:21:04,062 [ TestNG-test=fanfantest-1:538165 ] basic.Pc.GouMaiWeiXin(Pc.java:63)购买数量:10
[INFO] 2019-12-25 15:21:07,495 [ TestNG-test=fanfantest-1:541598 ] basic.Pc.GouMaiWeiXin(Pc.java:68)点击立即购买
[INFO] 2019-12-25 15:21:07,519 [ TestNG-test=fanfantest-1:541622 ] basic.Pc.GouMaiWeiXin(Pc.java:74)向下滚动
[INFO] 2019-12-25 15:21:10,800 [ TestNG-test=fanfantest-1:544903 ] basic.Pc.GouMaiWeiXin(Pc.java:79)提交订单
[INFO] 2019-12-25 15:21:14,118 [ TestNG-test=fanfantest-1:548221 ] basic.Pc.GouMaiWeiXin(Pc.java:83)确定
[INFO] 2019-12-25 15:21:14,162 [ TestNG-test=fanfantest-1:548265 ] basic.Pc.GouMaiWeiXin(Pc.java:87)采购单号:912250600547
[INFO] 2019-12-25 15:21:14,162 [ TestNG-test=fanfantest-1:548265 ] basic.Mai.<init>(Mai.java:48)admin登录
[INFO] 2019-12-25 15:21:19,046 [ TestNG-test=fanfantest-1:553149 ] basic.Admin.ZhiFuDanYiChangWeiXin(Admin.java:117)系统
[INFO] 2019-12-25 15:21:19,052 [ TestNG-test=fanfantest-1:553155 ] basic.Admin.ZhiFuDanYiChangWeiXin(Admin.java:122)向下滚动
[INFO] 2019-12-25 15:21:19,378 [ TestNG-test=fanfantest-1:553481 ] basic.Admin.ZhiFuDanYiChangWeiXin(Admin.java:126)订单支付异常处理
[INFO] 2019-12-25 15:21:19,414 [ TestNG-test=fanfantest-1:553517 ] basic.Admin.ZhiFuDanYiChangWeiXin(Admin.java:130)输入采购单号
[INFO] 2019-12-25 15:21:20,662 [ TestNG-test=fanfantest-1:554765 ] basic.Admin.ZhiFuDanYiChangWeiXin(Admin.java:135)点击查找
[INFO] 2019-12-25 15:21:20,899 [ TestNG-test=fanfantest-1:555002 ] basic.Admin.ZhiFuDanYiChangWeiXin(Admin.java:139)点击完成支付
[INFO] 2019-12-25 15:21:21,135 [ TestNG-test=fanfantest-1:555238 ] basic.Admin.ZhiFuDanYiChangWeiXin(Admin.java:143)点击确定
[INFO] 2019-12-25 15:21:21,415 [ TestNG-test=fanfantest-1:555518 ] basic.Admin.ZhiFuDanYiChangWeiXin(Admin.java:147)确定
[INFO] 2019-12-25 15:21:22,129 [ TestNG-test=fanfantest-1:556232 ] basic.Admin.ZhiFuDanYiChangWeiXin(Admin.java:151)确定
[INFO] 2019-12-25 15:21:25,227 [ TestNG-test=fanfantest-1:559330 ] controler.goumai.mai(goumai.java:35)关闭浏览器
[INFO] 2019-12-25 15:22:17,813 [ TestNG-test=fanfantest-1:0 ] basic.setUp.setup(setUp.java:17)打开浏览器
[INFO] 2019-12-25 15:22:23,668 [ TestNG-test=fanfantest-1:5855 ] basic.setUp.setup(setUp.java:23)窗口最大化
[INFO] 2019-12-25 15:22:24,682 [ TestNG-test=fanfantest-1:6869 ] controler.goumai.mai(goumai.java:25)读取excel
[INFO] 2019-12-25 15:22:24,698 [ TestNG-test=fanfantest-1:6885 ] controler.goumai.mai(goumai.java:29)测试用例内容:{0=http://192.168.1.23, 1=15900000002, 2=15900000002, 3=大白菜 土地, 4=yes, 5=}
[INFO] 2019-12-25 15:22:24,700 [ TestNG-test=fanfantest-1:6887 ] basic.Mai.<init>(Mai.java:21)PC端购买
[INFO] 2019-12-25 15:22:24,700 [ TestNG-test=fanfantest-1:6887 ] basic.Mai.<init>(Mai.java:33)余额支付
[INFO] 2019-12-25 15:22:24,701 [ TestNG-test=fanfantest-1:6888 ] basic.Mai.<init>(Mai.java:56)PC登录
[INFO] 2019-12-25 17:38:44,181 [ main:0 ] basic.setUp.setup(setUp.java:17)打开浏览器
[INFO] 2019-12-25 17:38:49,500 [ main:5319 ] basic.setUp.setup(setUp.java:23)窗口最大化
[INFO] 2019-12-25 17:38:49,791 [ main:5610 ] controler.wancheng.wc(wancheng.java:28)admin登录
[INFO] 2019-12-25 17:38:50,513 [ main:6332 ] basic.Admin.Login(Admin.java:35)输入用户名密码
[INFO] 2019-12-25 17:38:51,148 [ main:6967 ] basic.Admin.Login(Admin.java:38)点击登录
[INFO] 2019-12-25 17:40:07,442 [ main:0 ] basic.setUp.setup(setUp.java:17)打开浏览器
[INFO] 2019-12-25 17:40:13,614 [ main:6172 ] basic.setUp.setup(setUp.java:23)窗口最大化
[INFO] 2019-12-25 17:40:13,892 [ main:6450 ] controler.wancheng.wc(wancheng.java:20)admin登录
[INFO] 2019-12-25 17:40:14,344 [ main:6902 ] basic.Admin.Login(Admin.java:35)输入用户名密码
[INFO] 2019-12-25 17:40:15,179 [ main:7737 ] basic.Admin.Login(Admin.java:38)点击登录
[INFO] 2019-12-25 17:41:29,386 [ main:0 ] basic.setUp.setup(setUp.java:17)打开浏览器
[INFO] 2019-12-25 17:41:35,140 [ main:5754 ] basic.setUp.setup(setUp.java:23)窗口最大化
[INFO] 2019-12-25 17:41:35,432 [ main:6046 ] controler.wancheng.wc(wancheng.java:21)admin登录
[INFO] 2019-12-25 17:41:36,069 [ main:6683 ] basic.Admin.Login(Admin.java:35)输入用户名密码
[INFO] 2019-12-25 17:41:36,770 [ main:7384 ] basic.Admin.Login(Admin.java:38)点击登录
[INFO] 2019-12-25 17:41:36,861 [ main:7475 ] controler.wancheng.wc(wancheng.java:30)交易
[INFO] 2019-12-25 17:42:37,754 [ main:0 ] basic.setUp.setup(setUp.java:17)打开浏览器
[INFO] 2019-12-25 17:42:43,033 [ main:5279 ] basic.setUp.setup(setUp.java:23)窗口最大化
[INFO] 2019-12-25 17:42:43,334 [ main:5580 ] controler.wancheng.wc(wancheng.java:21)admin登录
[INFO] 2019-12-25 17:42:44,161 [ main:6407 ] basic.Admin.Login(Admin.java:35)输入用户名密码
[INFO] 2019-12-25 17:42:44,856 [ main:7102 ] basic.Admin.Login(Admin.java:38)点击登录
[INFO] 2019-12-25 17:42:47,966 [ main:10212 ] controler.wancheng.wc(wancheng.java:31)交易
[INFO] 2019-12-25 17:45:12,417 [ main:0 ] basic.setUp.setup(setUp.java:17)打开浏览器
[INFO] 2019-12-25 17:45:17,724 [ main:5307 ] basic.setUp.setup(setUp.java:23)窗口最大化
[INFO] 2019-12-25 17:45:18,010 [ main:5593 ] controler.wancheng.wc(wancheng.java:21)admin登录
[INFO] 2019-12-25 17:45:18,598 [ main:6181 ] basic.Admin.Login(Admin.java:35)输入用户名密码
[INFO] 2019-12-25 17:45:19,360 [ main:6943 ] basic.Admin.Login(Admin.java:38)点击登录
[INFO] 2019-12-25 17:45:22,492 [ main:10075 ] controler.wancheng.wc(wancheng.java:31)交易
[INFO] 2019-12-25 17:47:04,883 [ main:0 ] basic.setUp.setup(setUp.java:17)打开浏览器
[INFO] 2019-12-25 17:47:10,177 [ main:5294 ] basic.setUp.setup(setUp.java:23)窗口最大化
[INFO] 2019-12-25 17:47:10,459 [ main:5576 ] controler.wancheng.wc(wancheng.java:21)admin登录
[INFO] 2019-12-25 17:47:11,077 [ main:6194 ] basic.Admin.Login(Admin.java:35)输入用户名密码
[INFO] 2019-12-25 17:47:11,848 [ main:6965 ] basic.Admin.Login(Admin.java:38)点击登录
[INFO] 2019-12-25 17:47:14,968 [ main:10085 ] controler.wancheng.wc(wancheng.java:31)交易
[INFO] 2019-12-25 17:50:08,914 [ main:0 ] basic.setUp.setup(setUp.java:17)打开浏览器
[INFO] 2019-12-25 17:50:13,780 [ main:4866 ] basic.setUp.setup(setUp.java:23)窗口最大化
[INFO] 2019-12-25 17:50:14,306 [ main:5392 ] controler.wancheng.wc(wancheng.java:21)admin登录
[INFO] 2019-12-25 17:50:14,883 [ main:5969 ] basic.Admin.Login(Admin.java:35)输入用户名密码
[INFO] 2019-12-25 17:50:15,678 [ main:6764 ] basic.Admin.Login(Admin.java:38)点击登录
[INFO] 2019-12-25 17:50:18,805 [ main:9891 ] controler.wancheng.wc(wancheng.java:31)交易
[INFO] 2019-12-25 17:52:22,654 [ main:0 ] basic.setUp.setup(setUp.java:17)打开浏览器
[INFO] 2019-12-25 17:52:28,594 [ main:5940 ] basic.setUp.setup(setUp.java:23)窗口最大化
[INFO] 2019-12-25 17:52:28,891 [ main:6237 ] controler.wancheng.wc(wancheng.java:21)admin登录
[INFO] 2019-12-25 17:52:29,456 [ main:6802 ] basic.Admin.Login(Admin.java:35)输入用户名密码
[INFO] 2019-12-25 17:52:30,140 [ main:7486 ] basic.Admin.Login(Admin.java:38)点击登录
[INFO] 2019-12-25 17:52:33,329 [ main:10675 ] controler.wancheng.wc(wancheng.java:31)交易
[INFO] 2019-12-25 17:53:38,932 [ main:0 ] basic.setUp.setup(setUp.java:17)打开浏览器
[INFO] 2019-12-25 17:53:44,310 [ main:5378 ] basic.setUp.setup(setUp.java:23)窗口最大化
[INFO] 2019-12-25 17:53:44,632 [ main:5700 ] controler.wancheng.wc(wancheng.java:21)admin登录
[INFO] 2019-12-25 17:53:45,370 [ main:6438 ] basic.Admin.Login(Admin.java:35)输入用户名密码
[INFO] 2019-12-25 17:53:46,075 [ main:7143 ] basic.Admin.Login(Admin.java:38)点击登录
[INFO] 2019-12-25 17:53:49,251 [ main:10319 ] controler.wancheng.wc(wancheng.java:31)交易
[INFO] 2019-12-25 17:54:44,494 [ main:0 ] basic.setUp.setup(setUp.java:17)打开浏览器
[INFO] 2019-12-25 17:54:49,788 [ main:5294 ] basic.setUp.setup(setUp.java:23)窗口最大化
[INFO] 2019-12-25 17:54:50,092 [ main:5598 ] controler.wancheng.wc(wancheng.java:21)admin登录
[INFO] 2019-12-25 17:54:50,766 [ main:6272 ] basic.Admin.Login(Admin.java:35)输入用户名密码
[INFO] 2019-12-25 17:54:51,404 [ main:6910 ] basic.Admin.Login(Admin.java:38)点击登录
[INFO] 2019-12-25 17:54:52,588 [ main:8094 ] controler.wancheng.wc(wancheng.java:31)交易
[INFO] 2019-12-25 17:54:54,060 [ main:9566 ] controler.wancheng.wc(wancheng.java:35)订单完成
[INFO] 2019-12-25 18:09:49,801 [ main:0 ] basic.setUp.setup(setUp.java:17)打开浏览器
[INFO] 2019-12-25 18:09:55,707 [ main:5906 ] basic.setUp.setup(setUp.java:23)窗口最大化
[INFO] 2019-12-25 18:09:57,383 [ main:7582 ] controler.wancheng.wc(wancheng.java:21)admin登录
[INFO] 2019-12-25 18:09:58,304 [ main:8503 ] basic.Admin.Login(Admin.java:35)输入用户名密码
[INFO] 2019-12-25 18:09:59,077 [ main:9276 ] basic.Admin.Login(Admin.java:38)点击登录
[INFO] 2019-12-25 18:10:00,183 [ main:10382 ] controler.wancheng.wc(wancheng.java:31)交易
[INFO] 2019-12-25 18:10:01,525 [ main:11724 ] controler.wancheng.wc(wancheng.java:35)订单完成
[INFO] 2019-12-25 18:11:38,240 [ main:0 ] basic.setUp.setup(setUp.java:17)打开浏览器
[INFO] 2019-12-25 18:11:43,524 [ main:5284 ] basic.setUp.setup(setUp.java:23)窗口最大化
[INFO] 2019-12-25 18:11:43,837 [ main:5597 ] controler.wancheng.wc(wancheng.java:21)admin登录
[INFO] 2019-12-25 18:11:44,366 [ main:6126 ] basic.Admin.Login(Admin.java:35)输入用户名密码
[INFO] 2019-12-25 18:11:45,408 [ main:7168 ] basic.Admin.Login(Admin.java:38)点击登录
[INFO] 2019-12-25 18:11:46,508 [ main:8268 ] controler.wancheng.wc(wancheng.java:31)交易
[INFO] 2019-12-25 18:11:47,919 [ main:9679 ] controler.wancheng.wc(wancheng.java:35)订单完成
[INFO] 2019-12-25 18:11:49,194 [ main:10954 ] controler.wancheng.wc(wancheng.java:39)订单完成
